<?xml version="1.0" encoding="UTF-8"?>
<TestRun id="815ba9f9-fc33-4e97-81ee-6f368d12e3f9" name="amonge@TP110 2015-12-03 11:27:21" runUser="ENSC\amonge" xmlns="http://microsoft.com/schemas/VisualStudio/TeamTest/2010">
  <TestSettings name="Paramètres de test par défaut" id="758e8a9d-4207-4d47-ad46-01bd387ad9a3">
    <Deployment runDeploymentRoot="amonge_TP110 2015-12-03 11_27_21">
      <DeploymentItem filename="C:\Program Files (x86)\Reference Assemblies\Microsoft\Framework\.NETFramework\v4.0\System.Windows.Forms.dll" />
      <DeploymentItem filename="C:\Program Files (x86)\Reference Assemblies\Microsoft\Framework\.NETFramework\v4.0\System.Drawing.dll" />
      <DeploymentItem filename="H:\MarsCalendar\MarsApp\bin\Debug\MarsApp.exe" />
      <DeploymentItem filename="C:\Program Files (x86)\Reference Assemblies\Microsoft\Framework\.NETFramework\v4.0\System.Data.dll" />
      <DeploymentItem filename="C:\Program Files (x86)\Reference Assemblies\Microsoft\Framework\.NETFramework\v4.0\System.Data.DataSetExtensions.dll" />
      <DeploymentItem filename="C:\Program Files (x86)\Reference Assemblies\Microsoft\Framework\.NETFramework\v4.0\System.Deployment.dll" />
      <DeploymentItem filename="C:\Program Files (x86)\Reference Assemblies\Microsoft\Framework\.NETFramework\v4.0\System.Xml.Linq.dll" />
      <DeploymentItem filename="C:\Program Files (x86)\Reference Assemblies\Microsoft\Framework\.NETFramework\v4.0\Microsoft.CSharp.dll" />
      <DeploymentItem filename="C:\Program Files (x86)\Reference Assemblies\Microsoft\Framework\.NETFramework\v4.0\System.Xml.dll" />
    </Deployment>
    <Execution>
      <TestTypeSpecific />
      <AgentRule name="Execution Agents">
      </AgentRule>
    </Execution>
  </TestSettings>
  <Times creation="2015-12-03T11:27:21.5710485+01:00" queuing="2015-12-03T11:27:23.7840485+01:00" start="2015-12-03T11:27:23.9270485+01:00" finish="2015-12-03T11:28:08.5130485+01:00" />
  <ResultSummary outcome="Error">
    <Counters total="15" executed="13" passed="12" error="0" failed="0" timeout="0" aborted="1" inconclusive="0" passedButRunAborted="0" notRunnable="0" notExecuted="2" disconnected="0" warning="0" completed="0" inProgress="0" pending="0" />
    <RunInfos>
      <RunInfo computerName="TP110" outcome="Error" timestamp="2015-12-03T11:28:08.5080485+01:00">
        <Text>Le processus hôte du test s'est fermé de manière inattendue.</Text>
      </RunInfo>
    </RunInfos>
  </ResultSummary>
  <TestDefinitions>
    <UnitTest name="op_SubtractionTest" storage="h:\marscalendar\testmarsapp\bin\debug\testmarsapp.dll" id="f6644669-f50c-4388-7dc8-fe05af425923">
      <Execution id="05467d4f-51a3-462e-ba18-3ea617edb5c4" />
      <TestMethod codeBase="H:/MarsCalendar/TestMarsApp/bin/Debug/TestMarsApp.DLL" adapterTypeName="Microsoft.VisualStudio.TestTools.TestTypes.Unit.UnitTestAdapter, Microsoft.VisualStudio.QualityTools.Tips.UnitTest.Adapter, Version=10.0.0.0, Culture=neutral, PublicKeyToken=b03f5f7f11d50a3a" className="TestMarsApp.TimeMartienTest, TestMarsApp, Version=1.0.0.0, Culture=neutral, PublicKeyToken=null" name="op_SubtractionTest" />
    </UnitTest>
    <UnitTest name="op_GreaterThanTest" storage="h:\marscalendar\testmarsapp\bin\debug\testmarsapp.dll" id="c9f0f471-2d31-de67-2de0-89d4039d23cc">
      <Execution id="cecb87e0-bc48-4f76-8b93-de63f7c815e5" />
      <TestMethod codeBase="H:/MarsCalendar/TestMarsApp/bin/Debug/TestMarsApp.DLL" adapterTypeName="Microsoft.VisualStudio.TestTools.TestTypes.Unit.UnitTestAdapter, Microsoft.VisualStudio.QualityTools.Tips.UnitTest.Adapter, Version=10.0.0.0, Culture=neutral, PublicKeyToken=b03f5f7f11d50a3a" className="TestMarsApp.TimeMartienTest, TestMarsApp, Version=1.0.0.0, Culture=neutral, PublicKeyToken=null" name="op_GreaterThanTest" />
    </UnitTest>
    <UnitTest name="op_LessThanOrEqualTest" storage="h:\marscalendar\testmarsapp\bin\debug\testmarsapp.dll" id="bb187948-68d2-56a7-6ce6-43f4d81003a2">
      <Execution id="27b24f0e-64ce-4452-b2dc-60d6d52b5080" />
      <TestMethod codeBase="H:/MarsCalendar/TestMarsApp/bin/Debug/TestMarsApp.DLL" adapterTypeName="Microsoft.VisualStudio.TestTools.TestTypes.Unit.UnitTestAdapter, Microsoft.VisualStudio.QualityTools.Tips.UnitTest.Adapter, Version=10.0.0.0, Culture=neutral, PublicKeyToken=b03f5f7f11d50a3a" className="TestMarsApp.TimeMartienTest, TestMarsApp, Version=1.0.0.0, Culture=neutral, PublicKeyToken=null" name="op_LessThanOrEqualTest" />
    </UnitTest>
    <UnitTest name="sePasseDansPeriodeTest" storage="h:\marscalendar\testmarsapp\bin\debug\testmarsapp.dll" id="44ed7d5c-9545-6874-8556-7a4c0118996f">
      <Execution id="490c98de-c115-4e86-86ce-16b012c9ecbf" />
      <TestMethod codeBase="H:/MarsCalendar/TestMarsApp/bin/Debug/TestMarsApp.DLL" adapterTypeName="Microsoft.VisualStudio.TestTools.TestTypes.Unit.UnitTestAdapter, Microsoft.VisualStudio.QualityTools.Tips.UnitTest.Adapter, Version=10.0.0.0, Culture=neutral, PublicKeyToken=b03f5f7f11d50a3a" className="TestMarsApp.TimeMartienTest, TestMarsApp, Version=1.0.0.0, Culture=neutral, PublicKeyToken=null" name="sePasseDansPeriodeTest" />
    </UnitTest>
    <UnitTest name="op_LessThanTest" storage="h:\marscalendar\testmarsapp\bin\debug\testmarsapp.dll" id="f657f978-7d26-ba45-a706-065097b1424e">
      <Execution id="36f63cdd-893a-4f11-8aec-e936ccc5a643" />
      <TestMethod codeBase="H:/MarsCalendar/TestMarsApp/bin/Debug/TestMarsApp.DLL" adapterTypeName="Microsoft.VisualStudio.TestTools.TestTypes.Unit.UnitTestAdapter, Microsoft.VisualStudio.QualityTools.Tips.UnitTest.Adapter, Version=10.0.0.0, Culture=neutral, PublicKeyToken=b03f5f7f11d50a3a" className="TestMarsApp.TimeMartienTest, TestMarsApp, Version=1.0.0.0, Culture=neutral, PublicKeyToken=null" name="op_LessThanTest" />
    </UnitTest>
    <UnitTest name="EqualsTest" storage="h:\marscalendar\testmarsapp\bin\debug\testmarsapp.dll" id="d4fb811d-44ce-bea6-881d-1a522697622c">
      <Execution id="b4d65c3e-c06d-4dfa-96ba-e4f3b482d09a" />
      <TestMethod codeBase="H:/MarsCalendar/TestMarsApp/bin/Debug/TestMarsApp.DLL" adapterTypeName="Microsoft.VisualStudio.TestTools.TestTypes.Unit.UnitTestAdapter, Microsoft.VisualStudio.QualityTools.Tips.UnitTest.Adapter, Version=10.0.0.0, Culture=neutral, PublicKeyToken=b03f5f7f11d50a3a" className="TestMarsApp.TimeMartienTest, TestMarsApp, Version=1.0.0.0, Culture=neutral, PublicKeyToken=null" name="EqualsTest" />
    </UnitTest>
    <UnitTest name="op_InequalityTest" storage="h:\marscalendar\testmarsapp\bin\debug\testmarsapp.dll" id="25c13d46-3c02-28db-7a85-6e48059a1585">
      <Execution id="5d6a4c5f-63ba-472c-a411-ead118bb3cfb" />
      <TestMethod codeBase="H:/MarsCalendar/TestMarsApp/bin/Debug/TestMarsApp.DLL" adapterTypeName="Microsoft.VisualStudio.TestTools.TestTypes.Unit.UnitTestAdapter, Microsoft.VisualStudio.QualityTools.Tips.UnitTest.Adapter, Version=10.0.0.0, Culture=neutral, PublicKeyToken=b03f5f7f11d50a3a" className="TestMarsApp.TimeMartienTest, TestMarsApp, Version=1.0.0.0, Culture=neutral, PublicKeyToken=null" name="op_InequalityTest" />
    </UnitTest>
    <UnitTest name="convertirDateTimeTest" storage="h:\marscalendar\testmarsapp\bin\debug\testmarsapp.dll" id="67992c97-d63a-b679-ed31-3a04a82e00e3">
      <Execution id="c76dae32-d853-407c-8bf5-6d423acf358c" />
      <TestMethod codeBase="H:/MarsCalendar/TestMarsApp/bin/Debug/TestMarsApp.DLL" adapterTypeName="Microsoft.VisualStudio.TestTools.TestTypes.Unit.UnitTestAdapter, Microsoft.VisualStudio.QualityTools.Tips.UnitTest.Adapter, Version=10.0.0.0, Culture=neutral, PublicKeyToken=b03f5f7f11d50a3a" className="TestMarsApp.TimeMartienTest, TestMarsApp, Version=1.0.0.0, Culture=neutral, PublicKeyToken=null" name="convertirDateTimeTest" />
    </UnitTest>
    <UnitTest name="calculerJoursTest" storage="h:\marscalendar\testmarsapp\bin\debug\testmarsapp.dll" id="c2db00ea-1935-07a4-a8dd-b58b3ea840cf">
      <Execution id="000423d6-be70-4896-b026-5f4dc509d59a" />
      <TestMethod codeBase="H:/MarsCalendar/TestMarsApp/bin/Debug/TestMarsApp.DLL" adapterTypeName="Microsoft.VisualStudio.TestTools.TestTypes.Unit.UnitTestAdapter, Microsoft.VisualStudio.QualityTools.Tips.UnitTest.Adapter, Version=10.0.0.0, Culture=neutral, PublicKeyToken=b03f5f7f11d50a3a" className="TestMarsApp.TimeMartienTest, TestMarsApp, Version=1.0.0.0, Culture=neutral, PublicKeyToken=null" name="calculerJoursTest" />
    </UnitTest>
    <UnitTest name="ajouterTempsTest" storage="h:\marscalendar\testmarsapp\bin\debug\testmarsapp.dll" id="b04e9284-90d4-09de-2200-40f3f83a7290">
      <Execution id="47c664c4-6575-4bc4-bed9-8973339021e6" />
      <TestMethod codeBase="H:/MarsCalendar/TestMarsApp/bin/Debug/TestMarsApp.DLL" adapterTypeName="Microsoft.VisualStudio.TestTools.TestTypes.Unit.UnitTestAdapter, Microsoft.VisualStudio.QualityTools.Tips.UnitTest.Adapter, Version=10.0.0.0, Culture=neutral, PublicKeyToken=b03f5f7f11d50a3a" className="TestMarsApp.TimeMartienTest, TestMarsApp, Version=1.0.0.0, Culture=neutral, PublicKeyToken=null" name="ajouterTempsTest" />
    </UnitTest>
    <UnitTest name="retirerTempsTest" storage="h:\marscalendar\testmarsapp\bin\debug\testmarsapp.dll" id="294e43ef-fe82-562f-4bda-ae8968863b11">
      <Execution id="3cfcd04a-f3a0-4bb5-b684-12a69e9efdb8" />
      <TestMethod codeBase="H:/MarsCalendar/TestMarsApp/bin/Debug/TestMarsApp.DLL" adapterTypeName="Microsoft.VisualStudio.TestTools.TestTypes.Unit.UnitTestAdapter, Microsoft.VisualStudio.QualityTools.Tips.UnitTest.Adapter, Version=10.0.0.0, Culture=neutral, PublicKeyToken=b03f5f7f11d50a3a" className="TestMarsApp.TimeMartienTest, TestMarsApp, Version=1.0.0.0, Culture=neutral, PublicKeyToken=null" name="retirerTempsTest" />
    </UnitTest>
    <UnitTest name="op_EqualityTest" storage="h:\marscalendar\testmarsapp\bin\debug\testmarsapp.dll" id="ccb5bfea-159a-7fe7-c85e-a2fb289f43ef">
      <Execution id="1dcb0cd8-3cce-4745-a57d-b0dabbbcb61f" />
      <TestMethod codeBase="H:/MarsCalendar/TestMarsApp/bin/Debug/TestMarsApp.DLL" adapterTypeName="Microsoft.VisualStudio.TestTools.TestTypes.Unit.UnitTestAdapter, Microsoft.VisualStudio.QualityTools.Tips.UnitTest.Adapter, Version=10.0.0.0, Culture=neutral, PublicKeyToken=b03f5f7f11d50a3a" className="TestMarsApp.TimeMartienTest, TestMarsApp, Version=1.0.0.0, Culture=neutral, PublicKeyToken=null" name="op_EqualityTest" />
    </UnitTest>
    <UnitTest name="nbMinutesTest" storage="h:\marscalendar\testmarsapp\bin\debug\testmarsapp.dll" id="ca65595f-47e4-812a-465c-4464024e361b">
      <Execution id="9b256e0b-8573-43b4-8b95-798149af261f" />
      <TestMethod codeBase="H:/MarsCalendar/TestMarsApp/bin/Debug/TestMarsApp.DLL" adapterTypeName="Microsoft.VisualStudio.TestTools.TestTypes.Unit.UnitTestAdapter, Microsoft.VisualStudio.QualityTools.Tips.UnitTest.Adapter, Version=10.0.0.0, Culture=neutral, PublicKeyToken=b03f5f7f11d50a3a" className="TestMarsApp.TimeMartienTest, TestMarsApp, Version=1.0.0.0, Culture=neutral, PublicKeyToken=null" name="nbMinutesTest" />
    </UnitTest>
    <UnitTest name="op_GreaterThanOrEqualTest" storage="h:\marscalendar\testmarsapp\bin\debug\testmarsapp.dll" id="49444014-6bff-29f8-901b-c3baacc0f736">
      <Execution id="39c29dbb-fe38-45f2-955c-59d521016a98" />
      <TestMethod codeBase="H:/MarsCalendar/TestMarsApp/bin/Debug/TestMarsApp.DLL" adapterTypeName="Microsoft.VisualStudio.TestTools.TestTypes.Unit.UnitTestAdapter, Microsoft.VisualStudio.QualityTools.Tips.UnitTest.Adapter, Version=10.0.0.0, Culture=neutral, PublicKeyToken=b03f5f7f11d50a3a" className="TestMarsApp.TimeMartienTest, TestMarsApp, Version=1.0.0.0, Culture=neutral, PublicKeyToken=null" name="op_GreaterThanOrEqualTest" />
    </UnitTest>
    <UnitTest name="op_AdditionTest" storage="h:\marscalendar\testmarsapp\bin\debug\testmarsapp.dll" id="560475c1-2040-50a8-7479-8fbede2f9b77">
      <Execution id="5ceec9f9-5783-4132-9ad9-35e08f3a0d78" />
      <TestMethod codeBase="H:/MarsCalendar/TestMarsApp/bin/Debug/TestMarsApp.DLL" adapterTypeName="Microsoft.VisualStudio.TestTools.TestTypes.Unit.UnitTestAdapter, Microsoft.VisualStudio.QualityTools.Tips.UnitTest.Adapter, Version=10.0.0.0, Culture=neutral, PublicKeyToken=b03f5f7f11d50a3a" className="TestMarsApp.TimeMartienTest, TestMarsApp, Version=1.0.0.0, Culture=neutral, PublicKeyToken=null" name="op_AdditionTest" />
    </UnitTest>
  </TestDefinitions>
  <TestLists>
    <TestList name="Les résultats ne figurent pas dans une liste" id="8c84fa94-04c1-424b-9868-57a2d4851a1d" />
    <TestList name="Tous les résultats chargés" id="19431567-8539-422a-85d7-44ee4e166bda" />
  </TestLists>
  <TestEntries>
    <TestEntry testId="560475c1-2040-50a8-7479-8fbede2f9b77" executionId="5ceec9f9-5783-4132-9ad9-35e08f3a0d78" testListId="8c84fa94-04c1-424b-9868-57a2d4851a1d" />
    <TestEntry testId="ccb5bfea-159a-7fe7-c85e-a2fb289f43ef" executionId="1dcb0cd8-3cce-4745-a57d-b0dabbbcb61f" testListId="8c84fa94-04c1-424b-9868-57a2d4851a1d" />
    <TestEntry testId="c9f0f471-2d31-de67-2de0-89d4039d23cc" executionId="cecb87e0-bc48-4f76-8b93-de63f7c815e5" testListId="8c84fa94-04c1-424b-9868-57a2d4851a1d" />
    <TestEntry testId="49444014-6bff-29f8-901b-c3baacc0f736" executionId="39c29dbb-fe38-45f2-955c-59d521016a98" testListId="8c84fa94-04c1-424b-9868-57a2d4851a1d" />
    <TestEntry testId="25c13d46-3c02-28db-7a85-6e48059a1585" executionId="5d6a4c5f-63ba-472c-a411-ead118bb3cfb" testListId="8c84fa94-04c1-424b-9868-57a2d4851a1d" />
    <TestEntry testId="f657f978-7d26-ba45-a706-065097b1424e" executionId="36f63cdd-893a-4f11-8aec-e936ccc5a643" testListId="8c84fa94-04c1-424b-9868-57a2d4851a1d" />
    <TestEntry testId="bb187948-68d2-56a7-6ce6-43f4d81003a2" executionId="27b24f0e-64ce-4452-b2dc-60d6d52b5080" testListId="8c84fa94-04c1-424b-9868-57a2d4851a1d" />
    <TestEntry testId="f6644669-f50c-4388-7dc8-fe05af425923" executionId="05467d4f-51a3-462e-ba18-3ea617edb5c4" testListId="8c84fa94-04c1-424b-9868-57a2d4851a1d" />
    <TestEntry testId="294e43ef-fe82-562f-4bda-ae8968863b11" executionId="3cfcd04a-f3a0-4bb5-b684-12a69e9efdb8" testListId="8c84fa94-04c1-424b-9868-57a2d4851a1d" />
    <TestEntry testId="44ed7d5c-9545-6874-8556-7a4c0118996f" executionId="490c98de-c115-4e86-86ce-16b012c9ecbf" testListId="8c84fa94-04c1-424b-9868-57a2d4851a1d" />
    <TestEntry testId="d4fb811d-44ce-bea6-881d-1a522697622c" executionId="b4d65c3e-c06d-4dfa-96ba-e4f3b482d09a" testListId="8c84fa94-04c1-424b-9868-57a2d4851a1d" />
    <TestEntry testId="b04e9284-90d4-09de-2200-40f3f83a7290" executionId="47c664c4-6575-4bc4-bed9-8973339021e6" testListId="8c84fa94-04c1-424b-9868-57a2d4851a1d" />
    <TestEntry testId="c2db00ea-1935-07a4-a8dd-b58b3ea840cf" executionId="000423d6-be70-4896-b026-5f4dc509d59a" testListId="8c84fa94-04c1-424b-9868-57a2d4851a1d" />
    <TestEntry testId="67992c97-d63a-b679-ed31-3a04a82e00e3" executionId="c76dae32-d853-407c-8bf5-6d423acf358c" testListId="8c84fa94-04c1-424b-9868-57a2d4851a1d" />
    <TestEntry testId="ca65595f-47e4-812a-465c-4464024e361b" executionId="9b256e0b-8573-43b4-8b95-798149af261f" testListId="8c84fa94-04c1-424b-9868-57a2d4851a1d" />
  </TestEntries>
  <Results>
    <UnitTestResult executionId="5ceec9f9-5783-4132-9ad9-35e08f3a0d78" testId="560475c1-2040-50a8-7479-8fbede2f9b77" testName="op_AdditionTest" computerName="TP110" duration="00:00:00.1759056" startTime="2015-12-03T11:27:24.0760485+01:00" endTime="2015-12-03T11:27:25.6230485+01:00" testType="13cdc9d9-ddb5-4fa4-a97d-d965ccfc6d4b" outcome="Passed" testListId="8c84fa94-04c1-424b-9868-57a2d4851a1d" relativeResultsDirectory="5ceec9f9-5783-4132-9ad9-35e08f3a0d78">
    </UnitTestResult>
    <UnitTestResult executionId="1dcb0cd8-3cce-4745-a57d-b0dabbbcb61f" testId="ccb5bfea-159a-7fe7-c85e-a2fb289f43ef" testName="op_EqualityTest" computerName="TP110" duration="00:00:00.0002242" startTime="2015-12-03T11:27:25.6330485+01:00" endTime="2015-12-03T11:27:25.6390485+01:00" testType="13cdc9d9-ddb5-4fa4-a97d-d965ccfc6d4b" outcome="Passed" testListId="8c84fa94-04c1-424b-9868-57a2d4851a1d" relativeResultsDirectory="1dcb0cd8-3cce-4745-a57d-b0dabbbcb61f">
    </UnitTestResult>
    <UnitTestResult executionId="cecb87e0-bc48-4f76-8b93-de63f7c815e5" testId="c9f0f471-2d31-de67-2de0-89d4039d23cc" testName="op_GreaterThanTest" computerName="TP110" duration="00:00:00.0004177" startTime="2015-12-03T11:27:25.6490485+01:00" endTime="2015-12-03T11:27:25.6610485+01:00" testType="13cdc9d9-ddb5-4fa4-a97d-d965ccfc6d4b" outcome="Passed" testListId="8c84fa94-04c1-424b-9868-57a2d4851a1d" relativeResultsDirectory="cecb87e0-bc48-4f76-8b93-de63f7c815e5">
    </UnitTestResult>
    <UnitTestResult executionId="39c29dbb-fe38-45f2-955c-59d521016a98" testId="49444014-6bff-29f8-901b-c3baacc0f736" testName="op_GreaterThanOrEqualTest" computerName="TP110" duration="00:00:00.0002510" startTime="2015-12-03T11:27:25.6730485+01:00" endTime="2015-12-03T11:27:25.6790485+01:00" testType="13cdc9d9-ddb5-4fa4-a97d-d965ccfc6d4b" outcome="Passed" testListId="8c84fa94-04c1-424b-9868-57a2d4851a1d" relativeResultsDirectory="39c29dbb-fe38-45f2-955c-59d521016a98">
    </UnitTestResult>
    <UnitTestResult executionId="5d6a4c5f-63ba-472c-a411-ead118bb3cfb" testId="25c13d46-3c02-28db-7a85-6e48059a1585" testName="op_InequalityTest" computerName="TP110" duration="00:00:00.0004793" startTime="2015-12-03T11:27:25.6880485+01:00" endTime="2015-12-03T11:27:25.6950485+01:00" testType="13cdc9d9-ddb5-4fa4-a97d-d965ccfc6d4b" outcome="Passed" testListId="8c84fa94-04c1-424b-9868-57a2d4851a1d" relativeResultsDirectory="5d6a4c5f-63ba-472c-a411-ead118bb3cfb">
    </UnitTestResult>
    <UnitTestResult executionId="36f63cdd-893a-4f11-8aec-e936ccc5a643" testId="f657f978-7d26-ba45-a706-065097b1424e" testName="op_LessThanTest" computerName="TP110" duration="00:00:00.0004348" startTime="2015-12-03T11:27:25.7410485+01:00" endTime="2015-12-03T11:27:25.7700485+01:00" testType="13cdc9d9-ddb5-4fa4-a97d-d965ccfc6d4b" outcome="Passed" testListId="8c84fa94-04c1-424b-9868-57a2d4851a1d" relativeResultsDirectory="36f63cdd-893a-4f11-8aec-e936ccc5a643">
    </UnitTestResult>
    <UnitTestResult executionId="27b24f0e-64ce-4452-b2dc-60d6d52b5080" testId="bb187948-68d2-56a7-6ce6-43f4d81003a2" testName="op_LessThanOrEqualTest" computerName="TP110" duration="00:00:00.0002513" startTime="2015-12-03T11:27:25.7910485+01:00" endTime="2015-12-03T11:27:25.8080485+01:00" testType="13cdc9d9-ddb5-4fa4-a97d-d965ccfc6d4b" outcome="Passed" testListId="8c84fa94-04c1-424b-9868-57a2d4851a1d" relativeResultsDirectory="27b24f0e-64ce-4452-b2dc-60d6d52b5080">
    </UnitTestResult>
    <UnitTestResult executionId="05467d4f-51a3-462e-ba18-3ea617edb5c4" testId="f6644669-f50c-4388-7dc8-fe05af425923" testName="op_SubtractionTest" computerName="TP110" duration="00:00:00.0006684" startTime="2015-12-03T11:27:25.8280485+01:00" endTime="2015-12-03T11:27:25.8340485+01:00" testType="13cdc9d9-ddb5-4fa4-a97d-d965ccfc6d4b" outcome="Passed" testListId="8c84fa94-04c1-424b-9868-57a2d4851a1d" relativeResultsDirectory="05467d4f-51a3-462e-ba18-3ea617edb5c4">
    </UnitTestResult>
    <UnitTestResult executionId="3cfcd04a-f3a0-4bb5-b684-12a69e9efdb8" testId="294e43ef-fe82-562f-4bda-ae8968863b11" testName="retirerTempsTest" computerName="TP110" duration="00:00:00.0002714" startTime="2015-12-03T11:27:25.8420485+01:00" endTime="2015-12-03T11:27:25.8490485+01:00" testType="13cdc9d9-ddb5-4fa4-a97d-d965ccfc6d4b" outcome="Passed" testListId="8c84fa94-04c1-424b-9868-57a2d4851a1d" relativeResultsDirectory="3cfcd04a-f3a0-4bb5-b684-12a69e9efdb8">
    </UnitTestResult>
    <UnitTestResult executionId="490c98de-c115-4e86-86ce-16b012c9ecbf" testId="44ed7d5c-9545-6874-8556-7a4c0118996f" testName="sePasseDansPeriodeTest" computerName="TP110" duration="00:00:00.0011926" startTime="2015-12-03T11:27:25.8590485+01:00" endTime="2015-12-03T11:27:25.8660485+01:00" testType="13cdc9d9-ddb5-4fa4-a97d-d965ccfc6d4b" outcome="Passed" testListId="8c84fa94-04c1-424b-9868-57a2d4851a1d" relativeResultsDirectory="490c98de-c115-4e86-86ce-16b012c9ecbf">
    </UnitTestResult>
    <UnitTestResult executionId="b4d65c3e-c06d-4dfa-96ba-e4f3b482d09a" testId="d4fb811d-44ce-bea6-881d-1a522697622c" testName="EqualsTest" computerName="TP110" duration="00:00:00.0004023" startTime="2015-12-03T11:27:25.8780485+01:00" endTime="2015-12-03T11:27:25.8840485+01:00" testType="13cdc9d9-ddb5-4fa4-a97d-d965ccfc6d4b" outcome="Passed" testListId="8c84fa94-04c1-424b-9868-57a2d4851a1d" relativeResultsDirectory="b4d65c3e-c06d-4dfa-96ba-e4f3b482d09a">
    </UnitTestResult>
    <UnitTestResult executionId="47c664c4-6575-4bc4-bed9-8973339021e6" testId="b04e9284-90d4-09de-2200-40f3f83a7290" testName="ajouterTempsTest" computerName="TP110" duration="00:00:00.0002764" startTime="2015-12-03T11:27:25.8950485+01:00" endTime="2015-12-03T11:27:25.9000485+01:00" testType="13cdc9d9-ddb5-4fa4-a97d-d965ccfc6d4b" outcome="Passed" testListId="8c84fa94-04c1-424b-9868-57a2d4851a1d" relativeResultsDirectory="47c664c4-6575-4bc4-bed9-8973339021e6">
    </UnitTestResult>
    <UnitTestResult executionId="000423d6-be70-4896-b026-5f4dc509d59a" testId="c2db00ea-1935-07a4-a8dd-b58b3ea840cf" testName="calculerJoursTest" computerName="TP110" duration="00:00:42.6020000" startTime="2015-12-03T11:27:25.9110485+01:00" endTime="2015-12-03T11:28:08.5130485+01:00" testType="13cdc9d9-ddb5-4fa4-a97d-d965ccfc6d4b" outcome="Aborted" testListId="8c84fa94-04c1-424b-9868-57a2d4851a1d" relativeResultsDirectory="000423d6-be70-4896-b026-5f4dc509d59a">
    </UnitTestResult>
    <UnitTestResult executionId="c76dae32-d853-407c-8bf5-6d423acf358c" testId="67992c97-d63a-b679-ed31-3a04a82e00e3" testName="convertirDateTimeTest" computerName="TP110" testType="13cdc9d9-ddb5-4fa4-a97d-d965ccfc6d4b" outcome="NotExecuted" testListId="8c84fa94-04c1-424b-9868-57a2d4851a1d" relativeResultsDirectory="c76dae32-d853-407c-8bf5-6d423acf358c">
    </UnitTestResult>
    <UnitTestResult executionId="9b256e0b-8573-43b4-8b95-798149af261f" testId="ca65595f-47e4-812a-465c-4464024e361b" testName="nbMinutesTest" computerName="TP110" testType="13cdc9d9-ddb5-4fa4-a97d-d965ccfc6d4b" outcome="NotExecuted" testListId="8c84fa94-04c1-424b-9868-57a2d4851a1d" relativeResultsDirectory="9b256e0b-8573-43b4-8b95-798149af261f">
    </UnitTestResult>
  </Results>
</TestRun>