<?xml version="1.0" encoding="UTF-8"?>
<TestRun id="4d073ef0-5cc9-4cb9-8750-4a8687224a8c" name="amonge@TP110 2015-12-03 11:32:31" runUser="ENSC\amonge" xmlns="http://microsoft.com/schemas/VisualStudio/TeamTest/2010">
  <TestSettings name="Paramètres de test par défaut" id="f6a42e48-681c-4b59-bede-f66164f70efb">
    <Deployment runDeploymentRoot="amonge_TP110 2015-12-03 11_32_31">
      <DeploymentItem filename="C:\Program Files (x86)\Reference Assemblies\Microsoft\Framework\.NETFramework\v4.0\System.Windows.Forms.dll" />
      <DeploymentItem filename="C:\Program Files (x86)\Reference Assemblies\Microsoft\Framework\.NETFramework\v4.0\System.Drawing.dll" />
      <DeploymentItem filename="H:\MarsCalendar\MarsApp\bin\Debug\MarsApp.exe" />
      <DeploymentItem filename="C:\Program Files (x86)\Reference Assemblies\Microsoft\Framework\.NETFramework\v4.0\System.Data.dll" />
      <DeploymentItem filename="C:\Program Files (x86)\Reference Assemblies\Microsoft\Framework\.NETFramework\v4.0\System.Data.DataSetExtensions.dll" />
      <DeploymentItem filename="C:\Program Files (x86)\Reference Assemblies\Microsoft\Framework\.NETFramework\v4.0\System.Deployment.dll" />
      <DeploymentItem filename="C:\Program Files (x86)\Reference Assemblies\Microsoft\Framework\.NETFramework\v4.0\System.Xml.Linq.dll" />
      <DeploymentItem filename="C:\Program Files (x86)\Reference Assemblies\Microsoft\Framework\.NETFramework\v4.0\Microsoft.CSharp.dll" />
      <DeploymentItem filename="C:\Program Files (x86)\Reference Assemblies\Microsoft\Framework\.NETFramework\v4.0\System.Xml.dll" />
    </Deployment>
    <Execution>
      <TestTypeSpecific />
      <AgentRule name="Execution Agents">
      </AgentRule>
    </Execution>
  </TestSettings>
  <Times creation="2015-12-03T11:32:31.7430485+01:00" queuing="2015-12-03T11:32:33.4840485+01:00" start="2015-12-03T11:32:33.6410485+01:00" finish="2015-12-03T11:33:06.7680485+01:00" />
  <ResultSummary outcome="Error">
    <Counters total="15" executed="14" passed="13" error="0" failed="0" timeout="0" aborted="1" inconclusive="0" passedButRunAborted="0" notRunnable="0" notExecuted="1" disconnected="0" warning="0" completed="0" inProgress="0" pending="0" />
    <RunInfos>
      <RunInfo computerName="TP110" outcome="Error" timestamp="2015-12-03T11:33:06.7670485+01:00">
        <Text>Le processus hôte du test s'est fermé de manière inattendue.</Text>
      </RunInfo>
    </RunInfos>
  </ResultSummary>
  <TestDefinitions>
    <UnitTest name="op_SubtractionTest" storage="h:\marscalendar\testmarsapp\bin\debug\testmarsapp.dll" id="f6644669-f50c-4388-7dc8-fe05af425923">
      <Execution id="e9328a18-5cfe-4068-aded-9ea3db31a8ad" />
      <TestMethod codeBase="H:/MarsCalendar/TestMarsApp/bin/Debug/TestMarsApp.DLL" adapterTypeName="Microsoft.VisualStudio.TestTools.TestTypes.Unit.UnitTestAdapter, Microsoft.VisualStudio.QualityTools.Tips.UnitTest.Adapter, Version=10.0.0.0, Culture=neutral, PublicKeyToken=b03f5f7f11d50a3a" className="TestMarsApp.TimeMartienTest, TestMarsApp, Version=1.0.0.0, Culture=neutral, PublicKeyToken=null" name="op_SubtractionTest" />
    </UnitTest>
    <UnitTest name="op_GreaterThanTest" storage="h:\marscalendar\testmarsapp\bin\debug\testmarsapp.dll" id="c9f0f471-2d31-de67-2de0-89d4039d23cc">
      <Execution id="a3f6f36f-212b-45e7-b7d9-1b1069461de6" />
      <TestMethod codeBase="H:/MarsCalendar/TestMarsApp/bin/Debug/TestMarsApp.DLL" adapterTypeName="Microsoft.VisualStudio.TestTools.TestTypes.Unit.UnitTestAdapter, Microsoft.VisualStudio.QualityTools.Tips.UnitTest.Adapter, Version=10.0.0.0, Culture=neutral, PublicKeyToken=b03f5f7f11d50a3a" className="TestMarsApp.TimeMartienTest, TestMarsApp, Version=1.0.0.0, Culture=neutral, PublicKeyToken=null" name="op_GreaterThanTest" />
    </UnitTest>
    <UnitTest name="op_LessThanOrEqualTest" storage="h:\marscalendar\testmarsapp\bin\debug\testmarsapp.dll" id="bb187948-68d2-56a7-6ce6-43f4d81003a2">
      <Execution id="99822619-1fd9-4009-a30c-63997a066a0d" />
      <TestMethod codeBase="H:/MarsCalendar/TestMarsApp/bin/Debug/TestMarsApp.DLL" adapterTypeName="Microsoft.VisualStudio.TestTools.TestTypes.Unit.UnitTestAdapter, Microsoft.VisualStudio.QualityTools.Tips.UnitTest.Adapter, Version=10.0.0.0, Culture=neutral, PublicKeyToken=b03f5f7f11d50a3a" className="TestMarsApp.TimeMartienTest, TestMarsApp, Version=1.0.0.0, Culture=neutral, PublicKeyToken=null" name="op_LessThanOrEqualTest" />
    </UnitTest>
    <UnitTest name="sePasseDansPeriodeTest" storage="h:\marscalendar\testmarsapp\bin\debug\testmarsapp.dll" id="44ed7d5c-9545-6874-8556-7a4c0118996f">
      <Execution id="dbc1f3a2-7703-4d1e-bfa5-a796afe8fee0" />
      <TestMethod codeBase="H:/MarsCalendar/TestMarsApp/bin/Debug/TestMarsApp.DLL" adapterTypeName="Microsoft.VisualStudio.TestTools.TestTypes.Unit.UnitTestAdapter, Microsoft.VisualStudio.QualityTools.Tips.UnitTest.Adapter, Version=10.0.0.0, Culture=neutral, PublicKeyToken=b03f5f7f11d50a3a" className="TestMarsApp.TimeMartienTest, TestMarsApp, Version=1.0.0.0, Culture=neutral, PublicKeyToken=null" name="sePasseDansPeriodeTest" />
    </UnitTest>
    <UnitTest name="op_LessThanTest" storage="h:\marscalendar\testmarsapp\bin\debug\testmarsapp.dll" id="f657f978-7d26-ba45-a706-065097b1424e">
      <Execution id="8bc9633a-94b9-414f-b117-209155c3614b" />
      <TestMethod codeBase="H:/MarsCalendar/TestMarsApp/bin/Debug/TestMarsApp.DLL" adapterTypeName="Microsoft.VisualStudio.TestTools.TestTypes.Unit.UnitTestAdapter, Microsoft.VisualStudio.QualityTools.Tips.UnitTest.Adapter, Version=10.0.0.0, Culture=neutral, PublicKeyToken=b03f5f7f11d50a3a" className="TestMarsApp.TimeMartienTest, TestMarsApp, Version=1.0.0.0, Culture=neutral, PublicKeyToken=null" name="op_LessThanTest" />
    </UnitTest>
    <UnitTest name="EqualsTest" storage="h:\marscalendar\testmarsapp\bin\debug\testmarsapp.dll" id="d4fb811d-44ce-bea6-881d-1a522697622c">
      <Execution id="3fe08394-fb8d-46ba-baa1-a1124b59e742" />
      <TestMethod codeBase="H:/MarsCalendar/TestMarsApp/bin/Debug/TestMarsApp.DLL" adapterTypeName="Microsoft.VisualStudio.TestTools.TestTypes.Unit.UnitTestAdapter, Microsoft.VisualStudio.QualityTools.Tips.UnitTest.Adapter, Version=10.0.0.0, Culture=neutral, PublicKeyToken=b03f5f7f11d50a3a" className="TestMarsApp.TimeMartienTest, TestMarsApp, Version=1.0.0.0, Culture=neutral, PublicKeyToken=null" name="EqualsTest" />
    </UnitTest>
    <UnitTest name="op_InequalityTest" storage="h:\marscalendar\testmarsapp\bin\debug\testmarsapp.dll" id="25c13d46-3c02-28db-7a85-6e48059a1585">
      <Execution id="2027b17c-caab-4439-b7e0-479c9e454f70" />
      <TestMethod codeBase="H:/MarsCalendar/TestMarsApp/bin/Debug/TestMarsApp.DLL" adapterTypeName="Microsoft.VisualStudio.TestTools.TestTypes.Unit.UnitTestAdapter, Microsoft.VisualStudio.QualityTools.Tips.UnitTest.Adapter, Version=10.0.0.0, Culture=neutral, PublicKeyToken=b03f5f7f11d50a3a" className="TestMarsApp.TimeMartienTest, TestMarsApp, Version=1.0.0.0, Culture=neutral, PublicKeyToken=null" name="op_InequalityTest" />
    </UnitTest>
    <UnitTest name="convertirDateTimeTest" storage="h:\marscalendar\testmarsapp\bin\debug\testmarsapp.dll" id="67992c97-d63a-b679-ed31-3a04a82e00e3">
      <Execution id="52811053-3555-4d0f-a375-7bc066d0ee67" />
      <TestMethod codeBase="H:/MarsCalendar/TestMarsApp/bin/Debug/TestMarsApp.DLL" adapterTypeName="Microsoft.VisualStudio.TestTools.TestTypes.Unit.UnitTestAdapter, Microsoft.VisualStudio.QualityTools.Tips.UnitTest.Adapter, Version=10.0.0.0, Culture=neutral, PublicKeyToken=b03f5f7f11d50a3a" className="TestMarsApp.TimeMartienTest, TestMarsApp, Version=1.0.0.0, Culture=neutral, PublicKeyToken=null" name="convertirDateTimeTest" />
    </UnitTest>
    <UnitTest name="calculerJoursTest" storage="h:\marscalendar\testmarsapp\bin\debug\testmarsapp.dll" id="c2db00ea-1935-07a4-a8dd-b58b3ea840cf">
      <Execution id="8ec6dcd6-c995-4beb-8162-734d9e1552d8" />
      <TestMethod codeBase="H:/MarsCalendar/TestMarsApp/bin/Debug/TestMarsApp.DLL" adapterTypeName="Microsoft.VisualStudio.TestTools.TestTypes.Unit.UnitTestAdapter, Microsoft.VisualStudio.QualityTools.Tips.UnitTest.Adapter, Version=10.0.0.0, Culture=neutral, PublicKeyToken=b03f5f7f11d50a3a" className="TestMarsApp.TimeMartienTest, TestMarsApp, Version=1.0.0.0, Culture=neutral, PublicKeyToken=null" name="calculerJoursTest" />
    </UnitTest>
    <UnitTest name="ajouterTempsTest" storage="h:\marscalendar\testmarsapp\bin\debug\testmarsapp.dll" id="b04e9284-90d4-09de-2200-40f3f83a7290">
      <Execution id="1aa0531e-9eaf-4875-b6ca-9144313de12f" />
      <TestMethod codeBase="H:/MarsCalendar/TestMarsApp/bin/Debug/TestMarsApp.DLL" adapterTypeName="Microsoft.VisualStudio.TestTools.TestTypes.Unit.UnitTestAdapter, Microsoft.VisualStudio.QualityTools.Tips.UnitTest.Adapter, Version=10.0.0.0, Culture=neutral, PublicKeyToken=b03f5f7f11d50a3a" className="TestMarsApp.TimeMartienTest, TestMarsApp, Version=1.0.0.0, Culture=neutral, PublicKeyToken=null" name="ajouterTempsTest" />
    </UnitTest>
    <UnitTest name="retirerTempsTest" storage="h:\marscalendar\testmarsapp\bin\debug\testmarsapp.dll" id="294e43ef-fe82-562f-4bda-ae8968863b11">
      <Execution id="ad05f2be-f26e-49b9-bba5-ded75d22f947" />
      <TestMethod codeBase="H:/MarsCalendar/TestMarsApp/bin/Debug/TestMarsApp.DLL" adapterTypeName="Microsoft.VisualStudio.TestTools.TestTypes.Unit.UnitTestAdapter, Microsoft.VisualStudio.QualityTools.Tips.UnitTest.Adapter, Version=10.0.0.0, Culture=neutral, PublicKeyToken=b03f5f7f11d50a3a" className="TestMarsApp.TimeMartienTest, TestMarsApp, Version=1.0.0.0, Culture=neutral, PublicKeyToken=null" name="retirerTempsTest" />
    </UnitTest>
    <UnitTest name="op_EqualityTest" storage="h:\marscalendar\testmarsapp\bin\debug\testmarsapp.dll" id="ccb5bfea-159a-7fe7-c85e-a2fb289f43ef">
      <Execution id="446971b0-983f-494f-9e9e-6c7a8828ad65" />
      <TestMethod codeBase="H:/MarsCalendar/TestMarsApp/bin/Debug/TestMarsApp.DLL" adapterTypeName="Microsoft.VisualStudio.TestTools.TestTypes.Unit.UnitTestAdapter, Microsoft.VisualStudio.QualityTools.Tips.UnitTest.Adapter, Version=10.0.0.0, Culture=neutral, PublicKeyToken=b03f5f7f11d50a3a" className="TestMarsApp.TimeMartienTest, TestMarsApp, Version=1.0.0.0, Culture=neutral, PublicKeyToken=null" name="op_EqualityTest" />
    </UnitTest>
    <UnitTest name="nbMinutesTest" storage="h:\marscalendar\testmarsapp\bin\debug\testmarsapp.dll" id="ca65595f-47e4-812a-465c-4464024e361b">
      <Execution id="bd71f4ee-ce9d-4ced-9182-dd932f26c8d4" />
      <TestMethod codeBase="H:/MarsCalendar/TestMarsApp/bin/Debug/TestMarsApp.DLL" adapterTypeName="Microsoft.VisualStudio.TestTools.TestTypes.Unit.UnitTestAdapter, Microsoft.VisualStudio.QualityTools.Tips.UnitTest.Adapter, Version=10.0.0.0, Culture=neutral, PublicKeyToken=b03f5f7f11d50a3a" className="TestMarsApp.TimeMartienTest, TestMarsApp, Version=1.0.0.0, Culture=neutral, PublicKeyToken=null" name="nbMinutesTest" />
    </UnitTest>
    <UnitTest name="op_GreaterThanOrEqualTest" storage="h:\marscalendar\testmarsapp\bin\debug\testmarsapp.dll" id="49444014-6bff-29f8-901b-c3baacc0f736">
      <Execution id="9e2ff579-8071-4b96-a6b2-d311686ac1e9" />
      <TestMethod codeBase="H:/MarsCalendar/TestMarsApp/bin/Debug/TestMarsApp.DLL" adapterTypeName="Microsoft.VisualStudio.TestTools.TestTypes.Unit.UnitTestAdapter, Microsoft.VisualStudio.QualityTools.Tips.UnitTest.Adapter, Version=10.0.0.0, Culture=neutral, PublicKeyToken=b03f5f7f11d50a3a" className="TestMarsApp.TimeMartienTest, TestMarsApp, Version=1.0.0.0, Culture=neutral, PublicKeyToken=null" name="op_GreaterThanOrEqualTest" />
    </UnitTest>
    <UnitTest name="op_AdditionTest" storage="h:\marscalendar\testmarsapp\bin\debug\testmarsapp.dll" id="560475c1-2040-50a8-7479-8fbede2f9b77">
      <Execution id="d3391472-60a4-490e-9d2d-4c78ee4af505" />
      <TestMethod codeBase="H:/MarsCalendar/TestMarsApp/bin/Debug/TestMarsApp.DLL" adapterTypeName="Microsoft.VisualStudio.TestTools.TestTypes.Unit.UnitTestAdapter, Microsoft.VisualStudio.QualityTools.Tips.UnitTest.Adapter, Version=10.0.0.0, Culture=neutral, PublicKeyToken=b03f5f7f11d50a3a" className="TestMarsApp.TimeMartienTest, TestMarsApp, Version=1.0.0.0, Culture=neutral, PublicKeyToken=null" name="op_AdditionTest" />
    </UnitTest>
  </TestDefinitions>
  <TestLists>
    <TestList name="Les résultats ne figurent pas dans une liste" id="8c84fa94-04c1-424b-9868-57a2d4851a1d" />
    <TestList name="Tous les résultats chargés" id="19431567-8539-422a-85d7-44ee4e166bda" />
  </TestLists>
  <TestEntries>
    <TestEntry testId="560475c1-2040-50a8-7479-8fbede2f9b77" executionId="d3391472-60a4-490e-9d2d-4c78ee4af505" testListId="8c84fa94-04c1-424b-9868-57a2d4851a1d" />
    <TestEntry testId="ccb5bfea-159a-7fe7-c85e-a2fb289f43ef" executionId="446971b0-983f-494f-9e9e-6c7a8828ad65" testListId="8c84fa94-04c1-424b-9868-57a2d4851a1d" />
    <TestEntry testId="c9f0f471-2d31-de67-2de0-89d4039d23cc" executionId="a3f6f36f-212b-45e7-b7d9-1b1069461de6" testListId="8c84fa94-04c1-424b-9868-57a2d4851a1d" />
    <TestEntry testId="49444014-6bff-29f8-901b-c3baacc0f736" executionId="9e2ff579-8071-4b96-a6b2-d311686ac1e9" testListId="8c84fa94-04c1-424b-9868-57a2d4851a1d" />
    <TestEntry testId="25c13d46-3c02-28db-7a85-6e48059a1585" executionId="2027b17c-caab-4439-b7e0-479c9e454f70" testListId="8c84fa94-04c1-424b-9868-57a2d4851a1d" />
    <TestEntry testId="f657f978-7d26-ba45-a706-065097b1424e" executionId="8bc9633a-94b9-414f-b117-209155c3614b" testListId="8c84fa94-04c1-424b-9868-57a2d4851a1d" />
    <TestEntry testId="bb187948-68d2-56a7-6ce6-43f4d81003a2" executionId="99822619-1fd9-4009-a30c-63997a066a0d" testListId="8c84fa94-04c1-424b-9868-57a2d4851a1d" />
    <TestEntry testId="f6644669-f50c-4388-7dc8-fe05af425923" executionId="e9328a18-5cfe-4068-aded-9ea3db31a8ad" testListId="8c84fa94-04c1-424b-9868-57a2d4851a1d" />
    <TestEntry testId="294e43ef-fe82-562f-4bda-ae8968863b11" executionId="ad05f2be-f26e-49b9-bba5-ded75d22f947" testListId="8c84fa94-04c1-424b-9868-57a2d4851a1d" />
    <TestEntry testId="44ed7d5c-9545-6874-8556-7a4c0118996f" executionId="dbc1f3a2-7703-4d1e-bfa5-a796afe8fee0" testListId="8c84fa94-04c1-424b-9868-57a2d4851a1d" />
    <TestEntry testId="d4fb811d-44ce-bea6-881d-1a522697622c" executionId="3fe08394-fb8d-46ba-baa1-a1124b59e742" testListId="8c84fa94-04c1-424b-9868-57a2d4851a1d" />
    <TestEntry testId="b04e9284-90d4-09de-2200-40f3f83a7290" executionId="1aa0531e-9eaf-4875-b6ca-9144313de12f" testListId="8c84fa94-04c1-424b-9868-57a2d4851a1d" />
    <TestEntry testId="c2db00ea-1935-07a4-a8dd-b58b3ea840cf" executionId="8ec6dcd6-c995-4beb-8162-734d9e1552d8" testListId="8c84fa94-04c1-424b-9868-57a2d4851a1d" />
    <TestEntry testId="67992c97-d63a-b679-ed31-3a04a82e00e3" executionId="52811053-3555-4d0f-a375-7bc066d0ee67" testListId="8c84fa94-04c1-424b-9868-57a2d4851a1d" />
    <TestEntry testId="ca65595f-47e4-812a-465c-4464024e361b" executionId="bd71f4ee-ce9d-4ced-9182-dd932f26c8d4" testListId="8c84fa94-04c1-424b-9868-57a2d4851a1d" />
  </TestEntries>
  <Results>
    <UnitTestResult executionId="d3391472-60a4-490e-9d2d-4c78ee4af505" testId="560475c1-2040-50a8-7479-8fbede2f9b77" testName="op_AdditionTest" computerName="TP110" duration="00:00:00.0942657" startTime="2015-12-03T11:32:33.7810485+01:00" endTime="2015-12-03T11:32:34.8360485+01:00" testType="13cdc9d9-ddb5-4fa4-a97d-d965ccfc6d4b" outcome="Passed" testListId="8c84fa94-04c1-424b-9868-57a2d4851a1d" relativeResultsDirectory="d3391472-60a4-490e-9d2d-4c78ee4af505">
    </UnitTestResult>
    <UnitTestResult executionId="446971b0-983f-494f-9e9e-6c7a8828ad65" testId="ccb5bfea-159a-7fe7-c85e-a2fb289f43ef" testName="op_EqualityTest" computerName="TP110" duration="00:00:00.0002209" startTime="2015-12-03T11:32:34.8530485+01:00" endTime="2015-12-03T11:32:34.8640485+01:00" testType="13cdc9d9-ddb5-4fa4-a97d-d965ccfc6d4b" outcome="Passed" testListId="8c84fa94-04c1-424b-9868-57a2d4851a1d" relativeResultsDirectory="446971b0-983f-494f-9e9e-6c7a8828ad65">
    </UnitTestResult>
    <UnitTestResult executionId="a3f6f36f-212b-45e7-b7d9-1b1069461de6" testId="c9f0f471-2d31-de67-2de0-89d4039d23cc" testName="op_GreaterThanTest" computerName="TP110" duration="00:00:00.0003990" startTime="2015-12-03T11:32:34.8750485+01:00" endTime="2015-12-03T11:32:34.8820485+01:00" testType="13cdc9d9-ddb5-4fa4-a97d-d965ccfc6d4b" outcome="Passed" testListId="8c84fa94-04c1-424b-9868-57a2d4851a1d" relativeResultsDirectory="a3f6f36f-212b-45e7-b7d9-1b1069461de6">
    </UnitTestResult>
    <UnitTestResult executionId="9e2ff579-8071-4b96-a6b2-d311686ac1e9" testId="49444014-6bff-29f8-901b-c3baacc0f736" testName="op_GreaterThanOrEqualTest" computerName="TP110" duration="00:00:00.0002490" startTime="2015-12-03T11:32:34.8930485+01:00" endTime="2015-12-03T11:32:34.9150485+01:00" testType="13cdc9d9-ddb5-4fa4-a97d-d965ccfc6d4b" outcome="Passed" testListId="8c84fa94-04c1-424b-9868-57a2d4851a1d" relativeResultsDirectory="9e2ff579-8071-4b96-a6b2-d311686ac1e9">
    </UnitTestResult>
    <UnitTestResult executionId="2027b17c-caab-4439-b7e0-479c9e454f70" testId="25c13d46-3c02-28db-7a85-6e48059a1585" testName="op_InequalityTest" computerName="TP110" duration="00:00:00.0005201" startTime="2015-12-03T11:32:34.9260485+01:00" endTime="2015-12-03T11:32:34.9330485+01:00" testType="13cdc9d9-ddb5-4fa4-a97d-d965ccfc6d4b" outcome="Passed" testListId="8c84fa94-04c1-424b-9868-57a2d4851a1d" relativeResultsDirectory="2027b17c-caab-4439-b7e0-479c9e454f70">
    </UnitTestResult>
    <UnitTestResult executionId="8bc9633a-94b9-414f-b117-209155c3614b" testId="f657f978-7d26-ba45-a706-065097b1424e" testName="op_LessThanTest" computerName="TP110" duration="00:00:00.0004063" startTime="2015-12-03T11:32:34.9440485+01:00" endTime="2015-12-03T11:32:34.9510485+01:00" testType="13cdc9d9-ddb5-4fa4-a97d-d965ccfc6d4b" outcome="Passed" testListId="8c84fa94-04c1-424b-9868-57a2d4851a1d" relativeResultsDirectory="8bc9633a-94b9-414f-b117-209155c3614b">
    </UnitTestResult>
    <UnitTestResult executionId="99822619-1fd9-4009-a30c-63997a066a0d" testId="bb187948-68d2-56a7-6ce6-43f4d81003a2" testName="op_LessThanOrEqualTest" computerName="TP110" duration="00:00:00.0002815" startTime="2015-12-03T11:32:34.9610485+01:00" endTime="2015-12-03T11:32:34.9670485+01:00" testType="13cdc9d9-ddb5-4fa4-a97d-d965ccfc6d4b" outcome="Passed" testListId="8c84fa94-04c1-424b-9868-57a2d4851a1d" relativeResultsDirectory="99822619-1fd9-4009-a30c-63997a066a0d">
    </UnitTestResult>
    <UnitTestResult executionId="e9328a18-5cfe-4068-aded-9ea3db31a8ad" testId="f6644669-f50c-4388-7dc8-fe05af425923" testName="op_SubtractionTest" computerName="TP110" duration="00:00:00.0007046" startTime="2015-12-03T11:32:34.9770485+01:00" endTime="2015-12-03T11:32:34.9840485+01:00" testType="13cdc9d9-ddb5-4fa4-a97d-d965ccfc6d4b" outcome="Passed" testListId="8c84fa94-04c1-424b-9868-57a2d4851a1d" relativeResultsDirectory="e9328a18-5cfe-4068-aded-9ea3db31a8ad">
    </UnitTestResult>
    <UnitTestResult executionId="ad05f2be-f26e-49b9-bba5-ded75d22f947" testId="294e43ef-fe82-562f-4bda-ae8968863b11" testName="retirerTempsTest" computerName="TP110" duration="00:00:00.0002674" startTime="2015-12-03T11:32:34.9950485+01:00" endTime="2015-12-03T11:32:35.0010485+01:00" testType="13cdc9d9-ddb5-4fa4-a97d-d965ccfc6d4b" outcome="Passed" testListId="8c84fa94-04c1-424b-9868-57a2d4851a1d" relativeResultsDirectory="ad05f2be-f26e-49b9-bba5-ded75d22f947">
    </UnitTestResult>
    <UnitTestResult executionId="dbc1f3a2-7703-4d1e-bfa5-a796afe8fee0" testId="44ed7d5c-9545-6874-8556-7a4c0118996f" testName="sePasseDansPeriodeTest" computerName="TP110" duration="00:00:00.0012188" startTime="2015-12-03T11:32:35.0120485+01:00" endTime="2015-12-03T11:32:35.0200485+01:00" testType="13cdc9d9-ddb5-4fa4-a97d-d965ccfc6d4b" outcome="Passed" testListId="8c84fa94-04c1-424b-9868-57a2d4851a1d" relativeResultsDirectory="dbc1f3a2-7703-4d1e-bfa5-a796afe8fee0">
    </UnitTestResult>
    <UnitTestResult executionId="3fe08394-fb8d-46ba-baa1-a1124b59e742" testId="d4fb811d-44ce-bea6-881d-1a522697622c" testName="EqualsTest" computerName="TP110" duration="00:00:00.0003883" startTime="2015-12-03T11:32:35.0300485+01:00" endTime="2015-12-03T11:32:35.0380485+01:00" testType="13cdc9d9-ddb5-4fa4-a97d-d965ccfc6d4b" outcome="Passed" testListId="8c84fa94-04c1-424b-9868-57a2d4851a1d" relativeResultsDirectory="3fe08394-fb8d-46ba-baa1-a1124b59e742">
    </UnitTestResult>
    <UnitTestResult executionId="1aa0531e-9eaf-4875-b6ca-9144313de12f" testId="b04e9284-90d4-09de-2200-40f3f83a7290" testName="ajouterTempsTest" computerName="TP110" duration="00:00:00.0002644" startTime="2015-12-03T11:32:35.0480485+01:00" endTime="2015-12-03T11:32:35.0540485+01:00" testType="13cdc9d9-ddb5-4fa4-a97d-d965ccfc6d4b" outcome="Passed" testListId="8c84fa94-04c1-424b-9868-57a2d4851a1d" relativeResultsDirectory="1aa0531e-9eaf-4875-b6ca-9144313de12f">
    </UnitTestResult>
    <UnitTestResult executionId="8ec6dcd6-c995-4beb-8162-734d9e1552d8" testId="c2db00ea-1935-07a4-a8dd-b58b3ea840cf" testName="calculerJoursTest" computerName="TP110" duration="00:00:00.0004124" startTime="2015-12-03T11:32:35.0630485+01:00" endTime="2015-12-03T11:32:35.0700485+01:00" testType="13cdc9d9-ddb5-4fa4-a97d-d965ccfc6d4b" outcome="Passed" testListId="8c84fa94-04c1-424b-9868-57a2d4851a1d" relativeResultsDirectory="8ec6dcd6-c995-4beb-8162-734d9e1552d8">
    </UnitTestResult>
    <UnitTestResult executionId="52811053-3555-4d0f-a375-7bc066d0ee67" testId="67992c97-d63a-b679-ed31-3a04a82e00e3" testName="convertirDateTimeTest" computerName="TP110" duration="00:00:31.6870000" startTime="2015-12-03T11:32:35.0810485+01:00" endTime="2015-12-03T11:33:06.7680485+01:00" testType="13cdc9d9-ddb5-4fa4-a97d-d965ccfc6d4b" outcome="Aborted" testListId="8c84fa94-04c1-424b-9868-57a2d4851a1d" relativeResultsDirectory="52811053-3555-4d0f-a375-7bc066d0ee67">
    </UnitTestResult>
    <UnitTestResult executionId="bd71f4ee-ce9d-4ced-9182-dd932f26c8d4" testId="ca65595f-47e4-812a-465c-4464024e361b" testName="nbMinutesTest" computerName="TP110" testType="13cdc9d9-ddb5-4fa4-a97d-d965ccfc6d4b" outcome="NotExecuted" testListId="8c84fa94-04c1-424b-9868-57a2d4851a1d" relativeResultsDirectory="bd71f4ee-ce9d-4ced-9182-dd932f26c8d4">
    </UnitTestResult>
  </Results>
</TestRun>