<?xml version="1.0" encoding="UTF-8"?>
<TestRun id="55005e7e-97af-4da8-9312-753bf92344cd" name="amonge@TP215 2015-12-07 08:51:34" runUser="ENSC\amonge" xmlns="http://microsoft.com/schemas/VisualStudio/TeamTest/2010">
  <TestSettings name="Paramètres de test par défaut" id="c1b03c02-a987-417e-b337-4fc89f803368">
    <Deployment runDeploymentRoot="amonge_TP215 2015-12-07 08_51_34">
      <DeploymentItem filename="C:\Program Files (x86)\Reference Assemblies\Microsoft\Framework\.NETFramework\v4.0\System.Windows.Forms.dll" />
      <DeploymentItem filename="C:\Program Files (x86)\Reference Assemblies\Microsoft\Framework\.NETFramework\v4.0\System.Drawing.dll" />
      <DeploymentItem filename="H:\MarsCalendar\MarsApp\bin\Debug\MarsApp.exe" />
      <DeploymentItem filename="C:\Program Files (x86)\Reference Assemblies\Microsoft\Framework\.NETFramework\v4.0\System.Data.dll" />
      <DeploymentItem filename="C:\Program Files (x86)\Reference Assemblies\Microsoft\Framework\.NETFramework\v4.0\System.Data.DataSetExtensions.dll" />
      <DeploymentItem filename="C:\Program Files (x86)\Reference Assemblies\Microsoft\Framework\.NETFramework\v4.0\System.Deployment.dll" />
      <DeploymentItem filename="C:\Program Files (x86)\Reference Assemblies\Microsoft\Framework\.NETFramework\v4.0\System.Xml.Linq.dll" />
      <DeploymentItem filename="C:\Program Files (x86)\Reference Assemblies\Microsoft\Framework\.NETFramework\v4.0\Microsoft.CSharp.dll" />
      <DeploymentItem filename="C:\Program Files (x86)\Reference Assemblies\Microsoft\Framework\.NETFramework\v4.0\System.Xml.dll" />
    </Deployment>
    <Execution>
      <TestTypeSpecific />
      <AgentRule name="Execution Agents">
      </AgentRule>
    </Execution>
  </TestSettings>
  <Times creation="2015-12-07T08:51:34.5598611+01:00" queuing="2015-12-07T08:51:35.6068611+01:00" start="2015-12-07T08:51:35.6518611+01:00" finish="2015-12-07T08:51:49.2808611+01:00" />
  <ResultSummary outcome="Error">
    <Counters total="22" executed="22" passed="21" error="0" failed="0" timeout="0" aborted="1" inconclusive="0" passedButRunAborted="0" notRunnable="0" notExecuted="0" disconnected="0" warning="0" completed="0" inProgress="0" pending="0" />
    <RunInfos>
      <RunInfo computerName="TP215" outcome="Error" timestamp="2015-12-07T08:51:49.2808611+01:00">
        <Text>Le processus hôte du test s'est fermé de manière inattendue.</Text>
      </RunInfo>
    </RunInfos>
  </ResultSummary>
  <TestDefinitions>
    <UnitTest name="op_SubtractionTest" storage="h:\marscalendar\testmarsapp\bin\debug\testmarsapp.dll" id="f6644669-f50c-4388-7dc8-fe05af425923">
      <Execution id="b9bcfdd7-0b33-41a8-b323-0c501f6e9e7f" />
      <TestMethod codeBase="H:/MarsCalendar/TestMarsApp/bin/Debug/TestMarsApp.DLL" adapterTypeName="Microsoft.VisualStudio.TestTools.TestTypes.Unit.UnitTestAdapter, Microsoft.VisualStudio.QualityTools.Tips.UnitTest.Adapter, Version=10.0.0.0, Culture=neutral, PublicKeyToken=b03f5f7f11d50a3a" className="TestMarsApp.TimeMartienTest, TestMarsApp, Version=1.0.0.0, Culture=neutral, PublicKeyToken=null" name="op_SubtractionTest" />
    </UnitTest>
    <UnitTest name="op_GreaterThanTest" storage="h:\marscalendar\testmarsapp\bin\debug\testmarsapp.dll" id="c9f0f471-2d31-de67-2de0-89d4039d23cc">
      <Execution id="4a833360-b883-44ae-a64f-499708c497fb" />
      <TestMethod codeBase="H:/MarsCalendar/TestMarsApp/bin/Debug/TestMarsApp.DLL" adapterTypeName="Microsoft.VisualStudio.TestTools.TestTypes.Unit.UnitTestAdapter, Microsoft.VisualStudio.QualityTools.Tips.UnitTest.Adapter, Version=10.0.0.0, Culture=neutral, PublicKeyToken=b03f5f7f11d50a3a" className="TestMarsApp.TimeMartienTest, TestMarsApp, Version=1.0.0.0, Culture=neutral, PublicKeyToken=null" name="op_GreaterThanTest" />
    </UnitTest>
    <UnitTest name="trouverActiviteTest" storage="h:\marscalendar\testmarsapp\bin\debug\testmarsapp.dll" id="f4f5763b-aef1-ae51-8333-0174291c38bd">
      <Execution id="38c75c02-0971-4009-978e-2a514dc41cbb" />
      <TestMethod codeBase="H:/MarsCalendar/TestMarsApp/bin/Debug/TestMarsApp.DLL" adapterTypeName="Microsoft.VisualStudio.TestTools.TestTypes.Unit.UnitTestAdapter, Microsoft.VisualStudio.QualityTools.Tips.UnitTest.Adapter, Version=10.0.0.0, Culture=neutral, PublicKeyToken=b03f5f7f11d50a3a" className="TestMarsApp.JourneeTest, TestMarsApp, Version=1.0.0.0, Culture=neutral, PublicKeyToken=null" name="trouverActiviteTest" />
    </UnitTest>
    <UnitTest name="creerEdTTest" storage="h:\marscalendar\testmarsapp\bin\debug\testmarsapp.dll" id="c8fa7ce1-b1e9-d8e2-efdf-398ddf04576f">
      <Execution id="be02aa06-a761-407c-8652-15688f19d6f5" />
      <TestMethod codeBase="H:/MarsCalendar/TestMarsApp/bin/Debug/TestMarsApp.DLL" adapterTypeName="Microsoft.VisualStudio.TestTools.TestTypes.Unit.UnitTestAdapter, Microsoft.VisualStudio.QualityTools.Tips.UnitTest.Adapter, Version=10.0.0.0, Culture=neutral, PublicKeyToken=b03f5f7f11d50a3a" className="TestMarsApp.AstronauteTest, TestMarsApp, Version=1.0.0.0, Culture=neutral, PublicKeyToken=null" name="creerEdTTest" />
    </UnitTest>
    <UnitTest name="ajouterActiviteTest" storage="h:\marscalendar\testmarsapp\bin\debug\testmarsapp.dll" id="3e21fa8e-af4b-cd6f-a47b-582e12aed505">
      <Execution id="ce24eade-7b69-4cfa-8ad4-903f09b1f1cb" />
      <TestMethod codeBase="H:/MarsCalendar/TestMarsApp/bin/Debug/TestMarsApp.DLL" adapterTypeName="Microsoft.VisualStudio.TestTools.TestTypes.Unit.UnitTestAdapter, Microsoft.VisualStudio.QualityTools.Tips.UnitTest.Adapter, Version=10.0.0.0, Culture=neutral, PublicKeyToken=b03f5f7f11d50a3a" className="TestMarsApp.JourneeTest, TestMarsApp, Version=1.0.0.0, Culture=neutral, PublicKeyToken=null" name="ajouterActiviteTest" />
    </UnitTest>
    <UnitTest name="trouverActivitesTest" storage="h:\marscalendar\testmarsapp\bin\debug\testmarsapp.dll" id="e51602ad-49c9-04f2-f33b-18b8e98eaaf0">
      <Execution id="5df82a5b-dbd4-49c2-96d4-ccbb457549d2" />
      <TestMethod codeBase="H:/MarsCalendar/TestMarsApp/bin/Debug/TestMarsApp.DLL" adapterTypeName="Microsoft.VisualStudio.TestTools.TestTypes.Unit.UnitTestAdapter, Microsoft.VisualStudio.QualityTools.Tips.UnitTest.Adapter, Version=10.0.0.0, Culture=neutral, PublicKeyToken=b03f5f7f11d50a3a" className="TestMarsApp.JourneeTest, TestMarsApp, Version=1.0.0.0, Culture=neutral, PublicKeyToken=null" name="trouverActivitesTest" />
    </UnitTest>
    <UnitTest name="op_LessThanOrEqualTest" storage="h:\marscalendar\testmarsapp\bin\debug\testmarsapp.dll" id="bb187948-68d2-56a7-6ce6-43f4d81003a2">
      <Execution id="a4aabe2d-e7b7-4007-ad59-201514b504d0" />
      <TestMethod codeBase="H:/MarsCalendar/TestMarsApp/bin/Debug/TestMarsApp.DLL" adapterTypeName="Microsoft.VisualStudio.TestTools.TestTypes.Unit.UnitTestAdapter, Microsoft.VisualStudio.QualityTools.Tips.UnitTest.Adapter, Version=10.0.0.0, Culture=neutral, PublicKeyToken=b03f5f7f11d50a3a" className="TestMarsApp.TimeMartienTest, TestMarsApp, Version=1.0.0.0, Culture=neutral, PublicKeyToken=null" name="op_LessThanOrEqualTest" />
    </UnitTest>
    <UnitTest name="sePasseDansPeriodeTest" storage="h:\marscalendar\testmarsapp\bin\debug\testmarsapp.dll" id="44ed7d5c-9545-6874-8556-7a4c0118996f">
      <Execution id="30acebb7-1480-44db-a31d-f6df820d45f5" />
      <TestMethod codeBase="H:/MarsCalendar/TestMarsApp/bin/Debug/TestMarsApp.DLL" adapterTypeName="Microsoft.VisualStudio.TestTools.TestTypes.Unit.UnitTestAdapter, Microsoft.VisualStudio.QualityTools.Tips.UnitTest.Adapter, Version=10.0.0.0, Culture=neutral, PublicKeyToken=b03f5f7f11d50a3a" className="TestMarsApp.TimeMartienTest, TestMarsApp, Version=1.0.0.0, Culture=neutral, PublicKeyToken=null" name="sePasseDansPeriodeTest" />
    </UnitTest>
    <UnitTest name="op_LessThanTest" storage="h:\marscalendar\testmarsapp\bin\debug\testmarsapp.dll" id="f657f978-7d26-ba45-a706-065097b1424e">
      <Execution id="e703a09d-f10d-475a-830f-1f92051f9164" />
      <TestMethod codeBase="H:/MarsCalendar/TestMarsApp/bin/Debug/TestMarsApp.DLL" adapterTypeName="Microsoft.VisualStudio.TestTools.TestTypes.Unit.UnitTestAdapter, Microsoft.VisualStudio.QualityTools.Tips.UnitTest.Adapter, Version=10.0.0.0, Culture=neutral, PublicKeyToken=b03f5f7f11d50a3a" className="TestMarsApp.TimeMartienTest, TestMarsApp, Version=1.0.0.0, Culture=neutral, PublicKeyToken=null" name="op_LessThanTest" />
    </UnitTest>
    <UnitTest name="EqualsTest" storage="h:\marscalendar\testmarsapp\bin\debug\testmarsapp.dll" id="d4fb811d-44ce-bea6-881d-1a522697622c">
      <Execution id="1c6b525f-0576-43f0-9651-73e9eafb484b" />
      <TestMethod codeBase="H:/MarsCalendar/TestMarsApp/bin/Debug/TestMarsApp.DLL" adapterTypeName="Microsoft.VisualStudio.TestTools.TestTypes.Unit.UnitTestAdapter, Microsoft.VisualStudio.QualityTools.Tips.UnitTest.Adapter, Version=10.0.0.0, Culture=neutral, PublicKeyToken=b03f5f7f11d50a3a" className="TestMarsApp.TimeMartienTest, TestMarsApp, Version=1.0.0.0, Culture=neutral, PublicKeyToken=null" name="EqualsTest" />
    </UnitTest>
    <UnitTest name="op_InequalityTest" storage="h:\marscalendar\testmarsapp\bin\debug\testmarsapp.dll" id="25c13d46-3c02-28db-7a85-6e48059a1585">
      <Execution id="a2fc8934-635b-418f-94a8-89ead648bba6" />
      <TestMethod codeBase="H:/MarsCalendar/TestMarsApp/bin/Debug/TestMarsApp.DLL" adapterTypeName="Microsoft.VisualStudio.TestTools.TestTypes.Unit.UnitTestAdapter, Microsoft.VisualStudio.QualityTools.Tips.UnitTest.Adapter, Version=10.0.0.0, Culture=neutral, PublicKeyToken=b03f5f7f11d50a3a" className="TestMarsApp.TimeMartienTest, TestMarsApp, Version=1.0.0.0, Culture=neutral, PublicKeyToken=null" name="op_InequalityTest" />
    </UnitTest>
    <UnitTest name="calculerJoursTest" storage="h:\marscalendar\testmarsapp\bin\debug\testmarsapp.dll" id="c2db00ea-1935-07a4-a8dd-b58b3ea840cf">
      <Execution id="3f402fe6-0bc3-4f99-bbd6-f4df4b7f9e35" />
      <TestMethod codeBase="H:/MarsCalendar/TestMarsApp/bin/Debug/TestMarsApp.DLL" adapterTypeName="Microsoft.VisualStudio.TestTools.TestTypes.Unit.UnitTestAdapter, Microsoft.VisualStudio.QualityTools.Tips.UnitTest.Adapter, Version=10.0.0.0, Culture=neutral, PublicKeyToken=b03f5f7f11d50a3a" className="TestMarsApp.TimeMartienTest, TestMarsApp, Version=1.0.0.0, Culture=neutral, PublicKeyToken=null" name="calculerJoursTest" />
    </UnitTest>
    <UnitTest name="nbJourneesTest" storage="h:\marscalendar\testmarsapp\bin\debug\testmarsapp.dll" id="2f62ccb5-8ca9-827d-6fca-391758b52b42">
      <Execution id="073a2776-b70e-45a4-b13c-2686116f43d2" />
      <TestMethod codeBase="H:/MarsCalendar/TestMarsApp/bin/Debug/TestMarsApp.DLL" adapterTypeName="Microsoft.VisualStudio.TestTools.TestTypes.Unit.UnitTestAdapter, Microsoft.VisualStudio.QualityTools.Tips.UnitTest.Adapter, Version=10.0.0.0, Culture=neutral, PublicKeyToken=b03f5f7f11d50a3a" className="TestMarsApp.AstronauteTest, TestMarsApp, Version=1.0.0.0, Culture=neutral, PublicKeyToken=null" name="nbJourneesTest" />
    </UnitTest>
    <UnitTest name="supprimerActiviteTest" storage="h:\marscalendar\testmarsapp\bin\debug\testmarsapp.dll" id="b62f4f7c-7537-8616-7202-fb00604221b8">
      <Execution id="ac626b29-0fd5-4a59-a1d6-24ee9a127548" />
      <TestMethod codeBase="H:/MarsCalendar/TestMarsApp/bin/Debug/TestMarsApp.DLL" adapterTypeName="Microsoft.VisualStudio.TestTools.TestTypes.Unit.UnitTestAdapter, Microsoft.VisualStudio.QualityTools.Tips.UnitTest.Adapter, Version=10.0.0.0, Culture=neutral, PublicKeyToken=b03f5f7f11d50a3a" className="TestMarsApp.JourneeTest, TestMarsApp, Version=1.0.0.0, Culture=neutral, PublicKeyToken=null" name="supprimerActiviteTest" />
    </UnitTest>
    <UnitTest name="ajouterTempsTest" storage="h:\marscalendar\testmarsapp\bin\debug\testmarsapp.dll" id="b04e9284-90d4-09de-2200-40f3f83a7290">
      <Execution id="49a55b28-c5f3-4549-8419-d5af364cf4f3" />
      <TestMethod codeBase="H:/MarsCalendar/TestMarsApp/bin/Debug/TestMarsApp.DLL" adapterTypeName="Microsoft.VisualStudio.TestTools.TestTypes.Unit.UnitTestAdapter, Microsoft.VisualStudio.QualityTools.Tips.UnitTest.Adapter, Version=10.0.0.0, Culture=neutral, PublicKeyToken=b03f5f7f11d50a3a" className="TestMarsApp.TimeMartienTest, TestMarsApp, Version=1.0.0.0, Culture=neutral, PublicKeyToken=null" name="ajouterTempsTest" />
    </UnitTest>
    <UnitTest name="retirerTempsTest" storage="h:\marscalendar\testmarsapp\bin\debug\testmarsapp.dll" id="294e43ef-fe82-562f-4bda-ae8968863b11">
      <Execution id="ae7e196d-2872-42d9-b1b5-da08c8bfc9ea" />
      <TestMethod codeBase="H:/MarsCalendar/TestMarsApp/bin/Debug/TestMarsApp.DLL" adapterTypeName="Microsoft.VisualStudio.TestTools.TestTypes.Unit.UnitTestAdapter, Microsoft.VisualStudio.QualityTools.Tips.UnitTest.Adapter, Version=10.0.0.0, Culture=neutral, PublicKeyToken=b03f5f7f11d50a3a" className="TestMarsApp.TimeMartienTest, TestMarsApp, Version=1.0.0.0, Culture=neutral, PublicKeyToken=null" name="retirerTempsTest" />
    </UnitTest>
    <UnitTest name="op_EqualityTest" storage="h:\marscalendar\testmarsapp\bin\debug\testmarsapp.dll" id="ccb5bfea-159a-7fe7-c85e-a2fb289f43ef">
      <Execution id="89f41535-851f-49c5-965d-52e7e4995fdb" />
      <TestMethod codeBase="H:/MarsCalendar/TestMarsApp/bin/Debug/TestMarsApp.DLL" adapterTypeName="Microsoft.VisualStudio.TestTools.TestTypes.Unit.UnitTestAdapter, Microsoft.VisualStudio.QualityTools.Tips.UnitTest.Adapter, Version=10.0.0.0, Culture=neutral, PublicKeyToken=b03f5f7f11d50a3a" className="TestMarsApp.TimeMartienTest, TestMarsApp, Version=1.0.0.0, Culture=neutral, PublicKeyToken=null" name="op_EqualityTest" />
    </UnitTest>
    <UnitTest name="nbMinutesTest" storage="h:\marscalendar\testmarsapp\bin\debug\testmarsapp.dll" id="ca65595f-47e4-812a-465c-4464024e361b">
      <Execution id="2a9fe9a8-e397-4221-9c0f-efe4aca07344" />
      <TestMethod codeBase="H:/MarsCalendar/TestMarsApp/bin/Debug/TestMarsApp.DLL" adapterTypeName="Microsoft.VisualStudio.TestTools.TestTypes.Unit.UnitTestAdapter, Microsoft.VisualStudio.QualityTools.Tips.UnitTest.Adapter, Version=10.0.0.0, Culture=neutral, PublicKeyToken=b03f5f7f11d50a3a" className="TestMarsApp.TimeMartienTest, TestMarsApp, Version=1.0.0.0, Culture=neutral, PublicKeyToken=null" name="nbMinutesTest" />
    </UnitTest>
    <UnitTest name="mettreAJourJourneeExterieureTest" storage="h:\marscalendar\testmarsapp\bin\debug\testmarsapp.dll" id="1b9c987a-f224-96d8-ad0b-bc77334af50c">
      <Execution id="e83d8873-5abd-48cd-be2c-e87aa1df44aa" />
      <TestMethod codeBase="H:/MarsCalendar/TestMarsApp/bin/Debug/TestMarsApp.DLL" adapterTypeName="Microsoft.VisualStudio.TestTools.TestTypes.Unit.UnitTestAdapter, Microsoft.VisualStudio.QualityTools.Tips.UnitTest.Adapter, Version=10.0.0.0, Culture=neutral, PublicKeyToken=b03f5f7f11d50a3a" className="TestMarsApp.JourneeTest, TestMarsApp, Version=1.0.0.0, Culture=neutral, PublicKeyToken=null" name="mettreAJourJourneeExterieureTest" />
    </UnitTest>
    <UnitTest name="op_GreaterThanOrEqualTest" storage="h:\marscalendar\testmarsapp\bin\debug\testmarsapp.dll" id="49444014-6bff-29f8-901b-c3baacc0f736">
      <Execution id="b75b140a-0c30-4c52-b97a-7042e1ea96fe" />
      <TestMethod codeBase="H:/MarsCalendar/TestMarsApp/bin/Debug/TestMarsApp.DLL" adapterTypeName="Microsoft.VisualStudio.TestTools.TestTypes.Unit.UnitTestAdapter, Microsoft.VisualStudio.QualityTools.Tips.UnitTest.Adapter, Version=10.0.0.0, Culture=neutral, PublicKeyToken=b03f5f7f11d50a3a" className="TestMarsApp.TimeMartienTest, TestMarsApp, Version=1.0.0.0, Culture=neutral, PublicKeyToken=null" name="op_GreaterThanOrEqualTest" />
    </UnitTest>
    <UnitTest name="op_AdditionTest" storage="h:\marscalendar\testmarsapp\bin\debug\testmarsapp.dll" id="560475c1-2040-50a8-7479-8fbede2f9b77">
      <Execution id="b2cf3c6d-97e6-4d00-8304-4496b2c7a043" />
      <TestMethod codeBase="H:/MarsCalendar/TestMarsApp/bin/Debug/TestMarsApp.DLL" adapterTypeName="Microsoft.VisualStudio.TestTools.TestTypes.Unit.UnitTestAdapter, Microsoft.VisualStudio.QualityTools.Tips.UnitTest.Adapter, Version=10.0.0.0, Culture=neutral, PublicKeyToken=b03f5f7f11d50a3a" className="TestMarsApp.TimeMartienTest, TestMarsApp, Version=1.0.0.0, Culture=neutral, PublicKeyToken=null" name="op_AdditionTest" />
    </UnitTest>
    <UnitTest name="EqualsTest" storage="h:\marscalendar\testmarsapp\bin\debug\testmarsapp.dll" id="6cff44fc-dd98-6ef1-7928-0e3fca97535b">
      <Execution id="451a38ab-988b-49d9-84e8-a25e6ef34236" />
      <TestMethod codeBase="H:/MarsCalendar/TestMarsApp/bin/Debug/TestMarsApp.DLL" adapterTypeName="Microsoft.VisualStudio.TestTools.TestTypes.Unit.UnitTestAdapter, Microsoft.VisualStudio.QualityTools.Tips.UnitTest.Adapter, Version=10.0.0.0, Culture=neutral, PublicKeyToken=b03f5f7f11d50a3a" className="TestMarsApp.ActiviteTest, TestMarsApp, Version=1.0.0.0, Culture=neutral, PublicKeyToken=null" name="EqualsTest" />
    </UnitTest>
  </TestDefinitions>
  <TestLists>
    <TestList name="Les résultats ne figurent pas dans une liste" id="8c84fa94-04c1-424b-9868-57a2d4851a1d" />
    <TestList name="Tous les résultats chargés" id="19431567-8539-422a-85d7-44ee4e166bda" />
  </TestLists>
  <TestEntries>
    <TestEntry testId="560475c1-2040-50a8-7479-8fbede2f9b77" executionId="b2cf3c6d-97e6-4d00-8304-4496b2c7a043" testListId="8c84fa94-04c1-424b-9868-57a2d4851a1d" />
    <TestEntry testId="ccb5bfea-159a-7fe7-c85e-a2fb289f43ef" executionId="89f41535-851f-49c5-965d-52e7e4995fdb" testListId="8c84fa94-04c1-424b-9868-57a2d4851a1d" />
    <TestEntry testId="c9f0f471-2d31-de67-2de0-89d4039d23cc" executionId="4a833360-b883-44ae-a64f-499708c497fb" testListId="8c84fa94-04c1-424b-9868-57a2d4851a1d" />
    <TestEntry testId="49444014-6bff-29f8-901b-c3baacc0f736" executionId="b75b140a-0c30-4c52-b97a-7042e1ea96fe" testListId="8c84fa94-04c1-424b-9868-57a2d4851a1d" />
    <TestEntry testId="25c13d46-3c02-28db-7a85-6e48059a1585" executionId="a2fc8934-635b-418f-94a8-89ead648bba6" testListId="8c84fa94-04c1-424b-9868-57a2d4851a1d" />
    <TestEntry testId="f657f978-7d26-ba45-a706-065097b1424e" executionId="e703a09d-f10d-475a-830f-1f92051f9164" testListId="8c84fa94-04c1-424b-9868-57a2d4851a1d" />
    <TestEntry testId="bb187948-68d2-56a7-6ce6-43f4d81003a2" executionId="a4aabe2d-e7b7-4007-ad59-201514b504d0" testListId="8c84fa94-04c1-424b-9868-57a2d4851a1d" />
    <TestEntry testId="f6644669-f50c-4388-7dc8-fe05af425923" executionId="b9bcfdd7-0b33-41a8-b323-0c501f6e9e7f" testListId="8c84fa94-04c1-424b-9868-57a2d4851a1d" />
    <TestEntry testId="294e43ef-fe82-562f-4bda-ae8968863b11" executionId="ae7e196d-2872-42d9-b1b5-da08c8bfc9ea" testListId="8c84fa94-04c1-424b-9868-57a2d4851a1d" />
    <TestEntry testId="44ed7d5c-9545-6874-8556-7a4c0118996f" executionId="30acebb7-1480-44db-a31d-f6df820d45f5" testListId="8c84fa94-04c1-424b-9868-57a2d4851a1d" />
    <TestEntry testId="d4fb811d-44ce-bea6-881d-1a522697622c" executionId="1c6b525f-0576-43f0-9651-73e9eafb484b" testListId="8c84fa94-04c1-424b-9868-57a2d4851a1d" />
    <TestEntry testId="b04e9284-90d4-09de-2200-40f3f83a7290" executionId="49a55b28-c5f3-4549-8419-d5af364cf4f3" testListId="8c84fa94-04c1-424b-9868-57a2d4851a1d" />
    <TestEntry testId="c2db00ea-1935-07a4-a8dd-b58b3ea840cf" executionId="3f402fe6-0bc3-4f99-bbd6-f4df4b7f9e35" testListId="8c84fa94-04c1-424b-9868-57a2d4851a1d" />
    <TestEntry testId="ca65595f-47e4-812a-465c-4464024e361b" executionId="2a9fe9a8-e397-4221-9c0f-efe4aca07344" testListId="8c84fa94-04c1-424b-9868-57a2d4851a1d" />
    <TestEntry testId="3e21fa8e-af4b-cd6f-a47b-582e12aed505" executionId="ce24eade-7b69-4cfa-8ad4-903f09b1f1cb" testListId="8c84fa94-04c1-424b-9868-57a2d4851a1d" />
    <TestEntry testId="1b9c987a-f224-96d8-ad0b-bc77334af50c" executionId="e83d8873-5abd-48cd-be2c-e87aa1df44aa" testListId="8c84fa94-04c1-424b-9868-57a2d4851a1d" />
    <TestEntry testId="b62f4f7c-7537-8616-7202-fb00604221b8" executionId="ac626b29-0fd5-4a59-a1d6-24ee9a127548" testListId="8c84fa94-04c1-424b-9868-57a2d4851a1d" />
    <TestEntry testId="f4f5763b-aef1-ae51-8333-0174291c38bd" executionId="38c75c02-0971-4009-978e-2a514dc41cbb" testListId="8c84fa94-04c1-424b-9868-57a2d4851a1d" />
    <TestEntry testId="e51602ad-49c9-04f2-f33b-18b8e98eaaf0" executionId="5df82a5b-dbd4-49c2-96d4-ccbb457549d2" testListId="8c84fa94-04c1-424b-9868-57a2d4851a1d" />
    <TestEntry testId="c8fa7ce1-b1e9-d8e2-efdf-398ddf04576f" executionId="be02aa06-a761-407c-8652-15688f19d6f5" testListId="8c84fa94-04c1-424b-9868-57a2d4851a1d" />
    <TestEntry testId="2f62ccb5-8ca9-827d-6fca-391758b52b42" executionId="073a2776-b70e-45a4-b13c-2686116f43d2" testListId="8c84fa94-04c1-424b-9868-57a2d4851a1d" />
    <TestEntry testId="6cff44fc-dd98-6ef1-7928-0e3fca97535b" executionId="451a38ab-988b-49d9-84e8-a25e6ef34236" testListId="8c84fa94-04c1-424b-9868-57a2d4851a1d" />
  </TestEntries>
  <Results>
    <UnitTestResult executionId="b2cf3c6d-97e6-4d00-8304-4496b2c7a043" testId="560475c1-2040-50a8-7479-8fbede2f9b77" testName="op_AdditionTest" computerName="TP215" duration="00:00:00.2368530" startTime="2015-12-07T08:51:35.7238611+01:00" endTime="2015-12-07T08:51:36.7778611+01:00" testType="13cdc9d9-ddb5-4fa4-a97d-d965ccfc6d4b" outcome="Passed" testListId="8c84fa94-04c1-424b-9868-57a2d4851a1d" relativeResultsDirectory="b2cf3c6d-97e6-4d00-8304-4496b2c7a043">
    </UnitTestResult>
    <UnitTestResult executionId="89f41535-851f-49c5-965d-52e7e4995fdb" testId="ccb5bfea-159a-7fe7-c85e-a2fb289f43ef" testName="op_EqualityTest" computerName="TP215" duration="00:00:00.0001765" startTime="2015-12-07T08:51:36.7888611+01:00" endTime="2015-12-07T08:51:36.7928611+01:00" testType="13cdc9d9-ddb5-4fa4-a97d-d965ccfc6d4b" outcome="Passed" testListId="8c84fa94-04c1-424b-9868-57a2d4851a1d" relativeResultsDirectory="89f41535-851f-49c5-965d-52e7e4995fdb">
    </UnitTestResult>
    <UnitTestResult executionId="4a833360-b883-44ae-a64f-499708c497fb" testId="c9f0f471-2d31-de67-2de0-89d4039d23cc" testName="op_GreaterThanTest" computerName="TP215" duration="00:00:00.0003041" startTime="2015-12-07T08:51:36.8118611+01:00" endTime="2015-12-07T08:51:36.8168611+01:00" testType="13cdc9d9-ddb5-4fa4-a97d-d965ccfc6d4b" outcome="Passed" testListId="8c84fa94-04c1-424b-9868-57a2d4851a1d" relativeResultsDirectory="4a833360-b883-44ae-a64f-499708c497fb">
    </UnitTestResult>
    <UnitTestResult executionId="b75b140a-0c30-4c52-b97a-7042e1ea96fe" testId="49444014-6bff-29f8-901b-c3baacc0f736" testName="op_GreaterThanOrEqualTest" computerName="TP215" duration="00:00:00.0001864" startTime="2015-12-07T08:51:36.8268611+01:00" endTime="2015-12-07T08:51:36.8348611+01:00" testType="13cdc9d9-ddb5-4fa4-a97d-d965ccfc6d4b" outcome="Passed" testListId="8c84fa94-04c1-424b-9868-57a2d4851a1d" relativeResultsDirectory="b75b140a-0c30-4c52-b97a-7042e1ea96fe">
    </UnitTestResult>
    <UnitTestResult executionId="a2fc8934-635b-418f-94a8-89ead648bba6" testId="25c13d46-3c02-28db-7a85-6e48059a1585" testName="op_InequalityTest" computerName="TP215" duration="00:00:00.0003865" startTime="2015-12-07T08:51:36.8428611+01:00" endTime="2015-12-07T08:51:36.8508611+01:00" testType="13cdc9d9-ddb5-4fa4-a97d-d965ccfc6d4b" outcome="Passed" testListId="8c84fa94-04c1-424b-9868-57a2d4851a1d" relativeResultsDirectory="a2fc8934-635b-418f-94a8-89ead648bba6">
    </UnitTestResult>
    <UnitTestResult executionId="e703a09d-f10d-475a-830f-1f92051f9164" testId="f657f978-7d26-ba45-a706-065097b1424e" testName="op_LessThanTest" computerName="TP215" duration="00:00:00.0003113" startTime="2015-12-07T08:51:36.8618611+01:00" endTime="2015-12-07T08:51:36.8678611+01:00" testType="13cdc9d9-ddb5-4fa4-a97d-d965ccfc6d4b" outcome="Passed" testListId="8c84fa94-04c1-424b-9868-57a2d4851a1d" relativeResultsDirectory="e703a09d-f10d-475a-830f-1f92051f9164">
    </UnitTestResult>
    <UnitTestResult executionId="a4aabe2d-e7b7-4007-ad59-201514b504d0" testId="bb187948-68d2-56a7-6ce6-43f4d81003a2" testName="op_LessThanOrEqualTest" computerName="TP215" duration="00:00:00.0001833" startTime="2015-12-07T08:51:36.8818611+01:00" endTime="2015-12-07T08:51:36.8868611+01:00" testType="13cdc9d9-ddb5-4fa4-a97d-d965ccfc6d4b" outcome="Passed" testListId="8c84fa94-04c1-424b-9868-57a2d4851a1d" relativeResultsDirectory="a4aabe2d-e7b7-4007-ad59-201514b504d0">
    </UnitTestResult>
    <UnitTestResult executionId="b9bcfdd7-0b33-41a8-b323-0c501f6e9e7f" testId="f6644669-f50c-4388-7dc8-fe05af425923" testName="op_SubtractionTest" computerName="TP215" duration="00:00:00.0005148" startTime="2015-12-07T08:51:36.9018611+01:00" endTime="2015-12-07T08:51:36.9078611+01:00" testType="13cdc9d9-ddb5-4fa4-a97d-d965ccfc6d4b" outcome="Passed" testListId="8c84fa94-04c1-424b-9868-57a2d4851a1d" relativeResultsDirectory="b9bcfdd7-0b33-41a8-b323-0c501f6e9e7f">
    </UnitTestResult>
    <UnitTestResult executionId="ae7e196d-2872-42d9-b1b5-da08c8bfc9ea" testId="294e43ef-fe82-562f-4bda-ae8968863b11" testName="retirerTempsTest" computerName="TP215" duration="00:00:00.0002032" startTime="2015-12-07T08:51:36.9218611+01:00" endTime="2015-12-07T08:51:36.9308611+01:00" testType="13cdc9d9-ddb5-4fa4-a97d-d965ccfc6d4b" outcome="Passed" testListId="8c84fa94-04c1-424b-9868-57a2d4851a1d" relativeResultsDirectory="ae7e196d-2872-42d9-b1b5-da08c8bfc9ea">
    </UnitTestResult>
    <UnitTestResult executionId="30acebb7-1480-44db-a31d-f6df820d45f5" testId="44ed7d5c-9545-6874-8556-7a4c0118996f" testName="sePasseDansPeriodeTest" computerName="TP215" duration="00:00:00.0008935" startTime="2015-12-07T08:51:36.9398611+01:00" endTime="2015-12-07T08:51:36.9478611+01:00" testType="13cdc9d9-ddb5-4fa4-a97d-d965ccfc6d4b" outcome="Passed" testListId="8c84fa94-04c1-424b-9868-57a2d4851a1d" relativeResultsDirectory="30acebb7-1480-44db-a31d-f6df820d45f5">
    </UnitTestResult>
    <UnitTestResult executionId="1c6b525f-0576-43f0-9651-73e9eafb484b" testId="d4fb811d-44ce-bea6-881d-1a522697622c" testName="EqualsTest" computerName="TP215" duration="00:00:00.0003414" startTime="2015-12-07T08:51:36.9588611+01:00" endTime="2015-12-07T08:51:36.9698611+01:00" testType="13cdc9d9-ddb5-4fa4-a97d-d965ccfc6d4b" outcome="Passed" testListId="8c84fa94-04c1-424b-9868-57a2d4851a1d" relativeResultsDirectory="1c6b525f-0576-43f0-9651-73e9eafb484b">
    </UnitTestResult>
    <UnitTestResult executionId="49a55b28-c5f3-4549-8419-d5af364cf4f3" testId="b04e9284-90d4-09de-2200-40f3f83a7290" testName="ajouterTempsTest" computerName="TP215" duration="00:00:00.0007485" startTime="2015-12-07T08:51:37.0368611+01:00" endTime="2015-12-07T08:51:37.0558611+01:00" testType="13cdc9d9-ddb5-4fa4-a97d-d965ccfc6d4b" outcome="Passed" testListId="8c84fa94-04c1-424b-9868-57a2d4851a1d" relativeResultsDirectory="49a55b28-c5f3-4549-8419-d5af364cf4f3">
    </UnitTestResult>
    <UnitTestResult executionId="3f402fe6-0bc3-4f99-bbd6-f4df4b7f9e35" testId="c2db00ea-1935-07a4-a8dd-b58b3ea840cf" testName="calculerJoursTest" computerName="TP215" duration="00:00:00.0006123" startTime="2015-12-07T08:51:37.0718611+01:00" endTime="2015-12-07T08:51:37.0828611+01:00" testType="13cdc9d9-ddb5-4fa4-a97d-d965ccfc6d4b" outcome="Passed" testListId="8c84fa94-04c1-424b-9868-57a2d4851a1d" relativeResultsDirectory="3f402fe6-0bc3-4f99-bbd6-f4df4b7f9e35">
    </UnitTestResult>
    <UnitTestResult executionId="2a9fe9a8-e397-4221-9c0f-efe4aca07344" testId="ca65595f-47e4-812a-465c-4464024e361b" testName="nbMinutesTest" computerName="TP215" duration="00:00:00.0002822" startTime="2015-12-07T08:51:37.1128611+01:00" endTime="2015-12-07T08:51:37.1228611+01:00" testType="13cdc9d9-ddb5-4fa4-a97d-d965ccfc6d4b" outcome="Passed" testListId="8c84fa94-04c1-424b-9868-57a2d4851a1d" relativeResultsDirectory="2a9fe9a8-e397-4221-9c0f-efe4aca07344">
    </UnitTestResult>
    <UnitTestResult executionId="ce24eade-7b69-4cfa-8ad4-903f09b1f1cb" testId="3e21fa8e-af4b-cd6f-a47b-582e12aed505" testName="ajouterActiviteTest" computerName="TP215" duration="00:00:00.0083022" startTime="2015-12-07T08:51:37.1328611+01:00" endTime="2015-12-07T08:51:37.1488611+01:00" testType="13cdc9d9-ddb5-4fa4-a97d-d965ccfc6d4b" outcome="Passed" testListId="8c84fa94-04c1-424b-9868-57a2d4851a1d" relativeResultsDirectory="ce24eade-7b69-4cfa-8ad4-903f09b1f1cb">
    </UnitTestResult>
    <UnitTestResult executionId="e83d8873-5abd-48cd-be2c-e87aa1df44aa" testId="1b9c987a-f224-96d8-ad0b-bc77334af50c" testName="mettreAJourJourneeExterieureTest" computerName="TP215" duration="00:00:00.0009096" startTime="2015-12-07T08:51:37.1608611+01:00" endTime="2015-12-07T08:51:37.1648611+01:00" testType="13cdc9d9-ddb5-4fa4-a97d-d965ccfc6d4b" outcome="Passed" testListId="8c84fa94-04c1-424b-9868-57a2d4851a1d" relativeResultsDirectory="e83d8873-5abd-48cd-be2c-e87aa1df44aa">
    </UnitTestResult>
    <UnitTestResult executionId="ac626b29-0fd5-4a59-a1d6-24ee9a127548" testId="b62f4f7c-7537-8616-7202-fb00604221b8" testName="supprimerActiviteTest" computerName="TP215" duration="00:00:00.0010437" startTime="2015-12-07T08:51:37.1728611+01:00" endTime="2015-12-07T08:51:37.1778611+01:00" testType="13cdc9d9-ddb5-4fa4-a97d-d965ccfc6d4b" outcome="Passed" testListId="8c84fa94-04c1-424b-9868-57a2d4851a1d" relativeResultsDirectory="ac626b29-0fd5-4a59-a1d6-24ee9a127548">
    </UnitTestResult>
    <UnitTestResult executionId="38c75c02-0971-4009-978e-2a514dc41cbb" testId="f4f5763b-aef1-ae51-8333-0174291c38bd" testName="trouverActiviteTest" computerName="TP215" duration="00:00:00.0006045" startTime="2015-12-07T08:51:37.1898611+01:00" endTime="2015-12-07T08:51:37.1978611+01:00" testType="13cdc9d9-ddb5-4fa4-a97d-d965ccfc6d4b" outcome="Passed" testListId="8c84fa94-04c1-424b-9868-57a2d4851a1d" relativeResultsDirectory="38c75c02-0971-4009-978e-2a514dc41cbb">
    </UnitTestResult>
    <UnitTestResult executionId="5df82a5b-dbd4-49c2-96d4-ccbb457549d2" testId="e51602ad-49c9-04f2-f33b-18b8e98eaaf0" testName="trouverActivitesTest" computerName="TP215" duration="00:00:00.0010290" startTime="2015-12-07T08:51:37.2138611+01:00" endTime="2015-12-07T08:51:37.2178611+01:00" testType="13cdc9d9-ddb5-4fa4-a97d-d965ccfc6d4b" outcome="Passed" testListId="8c84fa94-04c1-424b-9868-57a2d4851a1d" relativeResultsDirectory="5df82a5b-dbd4-49c2-96d4-ccbb457549d2">
    </UnitTestResult>
    <UnitTestResult executionId="be02aa06-a761-407c-8652-15688f19d6f5" testId="c8fa7ce1-b1e9-d8e2-efdf-398ddf04576f" testName="creerEdTTest" computerName="TP215" duration="00:00:00.0030218" startTime="2015-12-07T08:51:37.2368611+01:00" endTime="2015-12-07T08:51:37.2508611+01:00" testType="13cdc9d9-ddb5-4fa4-a97d-d965ccfc6d4b" outcome="Passed" testListId="8c84fa94-04c1-424b-9868-57a2d4851a1d" relativeResultsDirectory="be02aa06-a761-407c-8652-15688f19d6f5">
    </UnitTestResult>
    <UnitTestResult executionId="073a2776-b70e-45a4-b13c-2686116f43d2" testId="2f62ccb5-8ca9-827d-6fca-391758b52b42" testName="nbJourneesTest" computerName="TP215" duration="00:00:00.0014553" startTime="2015-12-07T08:51:37.2628611+01:00" endTime="2015-12-07T08:51:37.2728611+01:00" testType="13cdc9d9-ddb5-4fa4-a97d-d965ccfc6d4b" outcome="Passed" testListId="8c84fa94-04c1-424b-9868-57a2d4851a1d" relativeResultsDirectory="073a2776-b70e-45a4-b13c-2686116f43d2">
    </UnitTestResult>
    <UnitTestResult executionId="451a38ab-988b-49d9-84e8-a25e6ef34236" testId="6cff44fc-dd98-6ef1-7928-0e3fca97535b" testName="EqualsTest" computerName="TP215" duration="00:00:11.9940000" startTime="2015-12-07T08:51:37.2868611+01:00" endTime="2015-12-07T08:51:49.2808611+01:00" testType="13cdc9d9-ddb5-4fa4-a97d-d965ccfc6d4b" outcome="Aborted" testListId="8c84fa94-04c1-424b-9868-57a2d4851a1d" relativeResultsDirectory="451a38ab-988b-49d9-84e8-a25e6ef34236">
    </UnitTestResult>
  </Results>
</TestRun>