<?xml version="1.0" encoding="UTF-8"?>
<TestRun id="371f607d-6341-49ee-885f-5180b88bc2bb" name="amonge@TP108 2015-11-30 12:22:28" runUser="ENSC\amonge" xmlns="http://microsoft.com/schemas/VisualStudio/TeamTest/2010">
  <TestSettings name="Paramètres de test par défaut" id="dfd95cd7-0537-4fc7-a23c-06cb2dc4f4e3">
    <Deployment runDeploymentRoot="amonge_TP108 2015-11-30 12_22_28">
      <DeploymentItem filename="C:\Program Files (x86)\Reference Assemblies\Microsoft\Framework\.NETFramework\v4.0\System.Windows.Forms.dll" />
      <DeploymentItem filename="C:\Program Files (x86)\Reference Assemblies\Microsoft\Framework\.NETFramework\v4.0\System.Drawing.dll" />
      <DeploymentItem filename="H:\MarsCalendar\MarsApp\bin\Debug\MarsApp.exe" />
      <DeploymentItem filename="C:\Program Files (x86)\Reference Assemblies\Microsoft\Framework\.NETFramework\v4.0\System.Data.dll" />
      <DeploymentItem filename="C:\Program Files (x86)\Reference Assemblies\Microsoft\Framework\.NETFramework\v4.0\System.Data.DataSetExtensions.dll" />
      <DeploymentItem filename="C:\Program Files (x86)\Reference Assemblies\Microsoft\Framework\.NETFramework\v4.0\System.Deployment.dll" />
      <DeploymentItem filename="C:\Program Files (x86)\Reference Assemblies\Microsoft\Framework\.NETFramework\v4.0\System.Xml.Linq.dll" />
      <DeploymentItem filename="C:\Program Files (x86)\Reference Assemblies\Microsoft\Framework\.NETFramework\v4.0\Microsoft.CSharp.dll" />
      <DeploymentItem filename="C:\Program Files (x86)\Reference Assemblies\Microsoft\Framework\.NETFramework\v4.0\System.Xml.dll" />
    </Deployment>
    <Execution>
      <TestTypeSpecific />
      <AgentRule name="Execution Agents">
      </AgentRule>
    </Execution>
  </TestSettings>
  <Times creation="2015-11-30T12:22:28.9994696+01:00" queuing="2015-11-30T12:22:55.9405791+01:00" start="2015-11-30T12:22:56.1135272+01:00" finish="2015-11-30T12:23:31.1900011+01:00" />
  <ResultSummary outcome="Error">
    <Counters total="16" executed="10" passed="9" error="0" failed="0" timeout="0" aborted="1" inconclusive="0" passedButRunAborted="0" notRunnable="0" notExecuted="6" disconnected="0" warning="0" completed="0" inProgress="0" pending="0" />
    <RunInfos>
      <RunInfo computerName="TP108" outcome="Error" timestamp="2015-11-30T12:23:31.1880017+01:00">
        <Text>Le processus hôte du test s'est fermé de manière inattendue.</Text>
      </RunInfo>
    </RunInfos>
  </ResultSummary>
  <TestDefinitions>
    <UnitTest name="op_SubtractionTest" storage="h:\marscalendar\testmarsapp\bin\debug\testmarsapp.dll" id="f6644669-f50c-4388-7dc8-fe05af425923">
      <Execution id="67bb820e-7da3-49cc-ad33-e7b15ec3dbbe" />
      <TestMethod codeBase="H:/MarsCalendar/TestMarsApp/bin/Debug/TestMarsApp.DLL" adapterTypeName="Microsoft.VisualStudio.TestTools.TestTypes.Unit.UnitTestAdapter, Microsoft.VisualStudio.QualityTools.Tips.UnitTest.Adapter, Version=10.0.0.0, Culture=neutral, PublicKeyToken=b03f5f7f11d50a3a" className="TestMarsApp.TimeMartienTest, TestMarsApp, Version=1.0.0.0, Culture=neutral, PublicKeyToken=null" name="op_SubtractionTest" />
    </UnitTest>
    <UnitTest name="op_GreaterThanTest" storage="h:\marscalendar\testmarsapp\bin\debug\testmarsapp.dll" id="c9f0f471-2d31-de67-2de0-89d4039d23cc">
      <Execution id="b8a39c08-e70a-4f98-8c2b-35af5039e07e" />
      <TestMethod codeBase="H:/MarsCalendar/TestMarsApp/bin/Debug/TestMarsApp.DLL" adapterTypeName="Microsoft.VisualStudio.TestTools.TestTypes.Unit.UnitTestAdapter, Microsoft.VisualStudio.QualityTools.Tips.UnitTest.Adapter, Version=10.0.0.0, Culture=neutral, PublicKeyToken=b03f5f7f11d50a3a" className="TestMarsApp.TimeMartienTest, TestMarsApp, Version=1.0.0.0, Culture=neutral, PublicKeyToken=null" name="op_GreaterThanTest" />
    </UnitTest>
    <UnitTest name="op_LessThanOrEqualTest" storage="h:\marscalendar\testmarsapp\bin\debug\testmarsapp.dll" id="bb187948-68d2-56a7-6ce6-43f4d81003a2">
      <Execution id="29467e1c-310c-4d6f-8a8d-586184726fc4" />
      <TestMethod codeBase="H:/MarsCalendar/TestMarsApp/bin/Debug/TestMarsApp.DLL" adapterTypeName="Microsoft.VisualStudio.TestTools.TestTypes.Unit.UnitTestAdapter, Microsoft.VisualStudio.QualityTools.Tips.UnitTest.Adapter, Version=10.0.0.0, Culture=neutral, PublicKeyToken=b03f5f7f11d50a3a" className="TestMarsApp.TimeMartienTest, TestMarsApp, Version=1.0.0.0, Culture=neutral, PublicKeyToken=null" name="op_LessThanOrEqualTest" />
    </UnitTest>
    <UnitTest name="sePasseDansPeriodeTest" storage="h:\marscalendar\testmarsapp\bin\debug\testmarsapp.dll" id="44ed7d5c-9545-6874-8556-7a4c0118996f">
      <Execution id="77c58537-b052-4d36-9138-394fb41c78e7" />
      <TestMethod codeBase="H:/MarsCalendar/TestMarsApp/bin/Debug/TestMarsApp.DLL" adapterTypeName="Microsoft.VisualStudio.TestTools.TestTypes.Unit.UnitTestAdapter, Microsoft.VisualStudio.QualityTools.Tips.UnitTest.Adapter, Version=10.0.0.0, Culture=neutral, PublicKeyToken=b03f5f7f11d50a3a" className="TestMarsApp.TimeMartienTest, TestMarsApp, Version=1.0.0.0, Culture=neutral, PublicKeyToken=null" name="sePasseDansPeriodeTest" />
    </UnitTest>
    <UnitTest name="op_LessThanTest" storage="h:\marscalendar\testmarsapp\bin\debug\testmarsapp.dll" id="f657f978-7d26-ba45-a706-065097b1424e">
      <Execution id="fca75fc1-a245-4a87-8322-cd830d5d13c8" />
      <TestMethod codeBase="H:/MarsCalendar/TestMarsApp/bin/Debug/TestMarsApp.DLL" adapterTypeName="Microsoft.VisualStudio.TestTools.TestTypes.Unit.UnitTestAdapter, Microsoft.VisualStudio.QualityTools.Tips.UnitTest.Adapter, Version=10.0.0.0, Culture=neutral, PublicKeyToken=b03f5f7f11d50a3a" className="TestMarsApp.TimeMartienTest, TestMarsApp, Version=1.0.0.0, Culture=neutral, PublicKeyToken=null" name="op_LessThanTest" />
    </UnitTest>
    <UnitTest name="EqualsTest" storage="h:\marscalendar\testmarsapp\bin\debug\testmarsapp.dll" id="d4fb811d-44ce-bea6-881d-1a522697622c">
      <Execution id="9ab8ddb7-253f-492d-861d-030961bc466b" />
      <TestMethod codeBase="H:/MarsCalendar/TestMarsApp/bin/Debug/TestMarsApp.DLL" adapterTypeName="Microsoft.VisualStudio.TestTools.TestTypes.Unit.UnitTestAdapter, Microsoft.VisualStudio.QualityTools.Tips.UnitTest.Adapter, Version=10.0.0.0, Culture=neutral, PublicKeyToken=b03f5f7f11d50a3a" className="TestMarsApp.TimeMartienTest, TestMarsApp, Version=1.0.0.0, Culture=neutral, PublicKeyToken=null" name="EqualsTest" />
    </UnitTest>
    <UnitTest name="op_InequalityTest" storage="h:\marscalendar\testmarsapp\bin\debug\testmarsapp.dll" id="25c13d46-3c02-28db-7a85-6e48059a1585">
      <Execution id="b5db5486-e2f8-4ae9-936f-084222275052" />
      <TestMethod codeBase="H:/MarsCalendar/TestMarsApp/bin/Debug/TestMarsApp.DLL" adapterTypeName="Microsoft.VisualStudio.TestTools.TestTypes.Unit.UnitTestAdapter, Microsoft.VisualStudio.QualityTools.Tips.UnitTest.Adapter, Version=10.0.0.0, Culture=neutral, PublicKeyToken=b03f5f7f11d50a3a" className="TestMarsApp.TimeMartienTest, TestMarsApp, Version=1.0.0.0, Culture=neutral, PublicKeyToken=null" name="op_InequalityTest" />
    </UnitTest>
    <UnitTest name="convertirDateTimeTest" storage="h:\marscalendar\testmarsapp\bin\debug\testmarsapp.dll" id="67992c97-d63a-b679-ed31-3a04a82e00e3">
      <Execution id="6b10e112-d4ae-4127-aacc-fa9fd7bed6a4" />
      <TestMethod codeBase="H:/MarsCalendar/TestMarsApp/bin/Debug/TestMarsApp.DLL" adapterTypeName="Microsoft.VisualStudio.TestTools.TestTypes.Unit.UnitTestAdapter, Microsoft.VisualStudio.QualityTools.Tips.UnitTest.Adapter, Version=10.0.0.0, Culture=neutral, PublicKeyToken=b03f5f7f11d50a3a" className="TestMarsApp.TimeMartienTest, TestMarsApp, Version=1.0.0.0, Culture=neutral, PublicKeyToken=null" name="convertirDateTimeTest" />
    </UnitTest>
    <UnitTest name="calculerJoursTest" storage="h:\marscalendar\testmarsapp\bin\debug\testmarsapp.dll" id="c2db00ea-1935-07a4-a8dd-b58b3ea840cf">
      <Execution id="a7cdb12e-bacd-4e66-8428-6424bf45f1c4" />
      <TestMethod codeBase="H:/MarsCalendar/TestMarsApp/bin/Debug/TestMarsApp.DLL" adapterTypeName="Microsoft.VisualStudio.TestTools.TestTypes.Unit.UnitTestAdapter, Microsoft.VisualStudio.QualityTools.Tips.UnitTest.Adapter, Version=10.0.0.0, Culture=neutral, PublicKeyToken=b03f5f7f11d50a3a" className="TestMarsApp.TimeMartienTest, TestMarsApp, Version=1.0.0.0, Culture=neutral, PublicKeyToken=null" name="calculerJoursTest" />
    </UnitTest>
    <UnitTest name="ajouterTempsTest1" storage="h:\marscalendar\testmarsapp\bin\debug\testmarsapp.dll" id="1a26628e-250f-85f1-3a75-8ac49421c13c">
      <Execution id="97207c23-848a-455f-8047-0e3c506a7c76" />
      <TestMethod codeBase="H:/MarsCalendar/TestMarsApp/bin/Debug/TestMarsApp.DLL" adapterTypeName="Microsoft.VisualStudio.TestTools.TestTypes.Unit.UnitTestAdapter, Microsoft.VisualStudio.QualityTools.Tips.UnitTest.Adapter, Version=10.0.0.0, Culture=neutral, PublicKeyToken=b03f5f7f11d50a3a" className="TestMarsApp.TimeMartienTest, TestMarsApp, Version=1.0.0.0, Culture=neutral, PublicKeyToken=null" name="ajouterTempsTest1" />
    </UnitTest>
    <UnitTest name="ajouterTempsTest" storage="h:\marscalendar\testmarsapp\bin\debug\testmarsapp.dll" id="b04e9284-90d4-09de-2200-40f3f83a7290">
      <Execution id="c9e1bb54-74f4-479a-9e4f-0b7e47578868" />
      <TestMethod codeBase="H:/MarsCalendar/TestMarsApp/bin/Debug/TestMarsApp.DLL" adapterTypeName="Microsoft.VisualStudio.TestTools.TestTypes.Unit.UnitTestAdapter, Microsoft.VisualStudio.QualityTools.Tips.UnitTest.Adapter, Version=10.0.0.0, Culture=neutral, PublicKeyToken=b03f5f7f11d50a3a" className="TestMarsApp.TimeMartienTest, TestMarsApp, Version=1.0.0.0, Culture=neutral, PublicKeyToken=null" name="ajouterTempsTest" />
    </UnitTest>
    <UnitTest name="retirerTempsTest" storage="h:\marscalendar\testmarsapp\bin\debug\testmarsapp.dll" id="294e43ef-fe82-562f-4bda-ae8968863b11">
      <Execution id="d671d3bf-5237-44d6-980f-650c2aa56f55" />
      <TestMethod codeBase="H:/MarsCalendar/TestMarsApp/bin/Debug/TestMarsApp.DLL" adapterTypeName="Microsoft.VisualStudio.TestTools.TestTypes.Unit.UnitTestAdapter, Microsoft.VisualStudio.QualityTools.Tips.UnitTest.Adapter, Version=10.0.0.0, Culture=neutral, PublicKeyToken=b03f5f7f11d50a3a" className="TestMarsApp.TimeMartienTest, TestMarsApp, Version=1.0.0.0, Culture=neutral, PublicKeyToken=null" name="retirerTempsTest" />
    </UnitTest>
    <UnitTest name="op_EqualityTest" storage="h:\marscalendar\testmarsapp\bin\debug\testmarsapp.dll" id="ccb5bfea-159a-7fe7-c85e-a2fb289f43ef">
      <Execution id="2b09890a-26a3-419d-963c-20a4fff220b7" />
      <TestMethod codeBase="H:/MarsCalendar/TestMarsApp/bin/Debug/TestMarsApp.DLL" adapterTypeName="Microsoft.VisualStudio.TestTools.TestTypes.Unit.UnitTestAdapter, Microsoft.VisualStudio.QualityTools.Tips.UnitTest.Adapter, Version=10.0.0.0, Culture=neutral, PublicKeyToken=b03f5f7f11d50a3a" className="TestMarsApp.TimeMartienTest, TestMarsApp, Version=1.0.0.0, Culture=neutral, PublicKeyToken=null" name="op_EqualityTest" />
    </UnitTest>
    <UnitTest name="nbMinutesTest" storage="h:\marscalendar\testmarsapp\bin\debug\testmarsapp.dll" id="ca65595f-47e4-812a-465c-4464024e361b">
      <Execution id="5b09a1e5-b4d5-44e3-a7be-f7e0db4fb728" />
      <TestMethod codeBase="H:/MarsCalendar/TestMarsApp/bin/Debug/TestMarsApp.DLL" adapterTypeName="Microsoft.VisualStudio.TestTools.TestTypes.Unit.UnitTestAdapter, Microsoft.VisualStudio.QualityTools.Tips.UnitTest.Adapter, Version=10.0.0.0, Culture=neutral, PublicKeyToken=b03f5f7f11d50a3a" className="TestMarsApp.TimeMartienTest, TestMarsApp, Version=1.0.0.0, Culture=neutral, PublicKeyToken=null" name="nbMinutesTest" />
    </UnitTest>
    <UnitTest name="op_GreaterThanOrEqualTest" storage="h:\marscalendar\testmarsapp\bin\debug\testmarsapp.dll" id="49444014-6bff-29f8-901b-c3baacc0f736">
      <Execution id="672dcb5b-96f5-4441-bcb0-788fe8db9b50" />
      <TestMethod codeBase="H:/MarsCalendar/TestMarsApp/bin/Debug/TestMarsApp.DLL" adapterTypeName="Microsoft.VisualStudio.TestTools.TestTypes.Unit.UnitTestAdapter, Microsoft.VisualStudio.QualityTools.Tips.UnitTest.Adapter, Version=10.0.0.0, Culture=neutral, PublicKeyToken=b03f5f7f11d50a3a" className="TestMarsApp.TimeMartienTest, TestMarsApp, Version=1.0.0.0, Culture=neutral, PublicKeyToken=null" name="op_GreaterThanOrEqualTest" />
    </UnitTest>
    <UnitTest name="op_AdditionTest" storage="h:\marscalendar\testmarsapp\bin\debug\testmarsapp.dll" id="560475c1-2040-50a8-7479-8fbede2f9b77">
      <Execution id="4700b678-694c-4736-8045-d592e9e47538" />
      <TestMethod codeBase="H:/MarsCalendar/TestMarsApp/bin/Debug/TestMarsApp.DLL" adapterTypeName="Microsoft.VisualStudio.TestTools.TestTypes.Unit.UnitTestAdapter, Microsoft.VisualStudio.QualityTools.Tips.UnitTest.Adapter, Version=10.0.0.0, Culture=neutral, PublicKeyToken=b03f5f7f11d50a3a" className="TestMarsApp.TimeMartienTest, TestMarsApp, Version=1.0.0.0, Culture=neutral, PublicKeyToken=null" name="op_AdditionTest" />
    </UnitTest>
  </TestDefinitions>
  <TestLists>
    <TestList name="Les résultats ne figurent pas dans une liste" id="8c84fa94-04c1-424b-9868-57a2d4851a1d" />
    <TestList name="Tous les résultats chargés" id="19431567-8539-422a-85d7-44ee4e166bda" />
  </TestLists>
  <TestEntries>
    <TestEntry testId="560475c1-2040-50a8-7479-8fbede2f9b77" executionId="4700b678-694c-4736-8045-d592e9e47538" testListId="8c84fa94-04c1-424b-9868-57a2d4851a1d" />
    <TestEntry testId="ccb5bfea-159a-7fe7-c85e-a2fb289f43ef" executionId="2b09890a-26a3-419d-963c-20a4fff220b7" testListId="8c84fa94-04c1-424b-9868-57a2d4851a1d" />
    <TestEntry testId="c9f0f471-2d31-de67-2de0-89d4039d23cc" executionId="b8a39c08-e70a-4f98-8c2b-35af5039e07e" testListId="8c84fa94-04c1-424b-9868-57a2d4851a1d" />
    <TestEntry testId="49444014-6bff-29f8-901b-c3baacc0f736" executionId="672dcb5b-96f5-4441-bcb0-788fe8db9b50" testListId="8c84fa94-04c1-424b-9868-57a2d4851a1d" />
    <TestEntry testId="25c13d46-3c02-28db-7a85-6e48059a1585" executionId="b5db5486-e2f8-4ae9-936f-084222275052" testListId="8c84fa94-04c1-424b-9868-57a2d4851a1d" />
    <TestEntry testId="f657f978-7d26-ba45-a706-065097b1424e" executionId="fca75fc1-a245-4a87-8322-cd830d5d13c8" testListId="8c84fa94-04c1-424b-9868-57a2d4851a1d" />
    <TestEntry testId="bb187948-68d2-56a7-6ce6-43f4d81003a2" executionId="29467e1c-310c-4d6f-8a8d-586184726fc4" testListId="8c84fa94-04c1-424b-9868-57a2d4851a1d" />
    <TestEntry testId="f6644669-f50c-4388-7dc8-fe05af425923" executionId="67bb820e-7da3-49cc-ad33-e7b15ec3dbbe" testListId="8c84fa94-04c1-424b-9868-57a2d4851a1d" />
    <TestEntry testId="294e43ef-fe82-562f-4bda-ae8968863b11" executionId="d671d3bf-5237-44d6-980f-650c2aa56f55" testListId="8c84fa94-04c1-424b-9868-57a2d4851a1d" />
    <TestEntry testId="44ed7d5c-9545-6874-8556-7a4c0118996f" executionId="77c58537-b052-4d36-9138-394fb41c78e7" testListId="8c84fa94-04c1-424b-9868-57a2d4851a1d" />
    <TestEntry testId="d4fb811d-44ce-bea6-881d-1a522697622c" executionId="9ab8ddb7-253f-492d-861d-030961bc466b" testListId="8c84fa94-04c1-424b-9868-57a2d4851a1d" />
    <TestEntry testId="b04e9284-90d4-09de-2200-40f3f83a7290" executionId="c9e1bb54-74f4-479a-9e4f-0b7e47578868" testListId="8c84fa94-04c1-424b-9868-57a2d4851a1d" />
    <TestEntry testId="1a26628e-250f-85f1-3a75-8ac49421c13c" executionId="97207c23-848a-455f-8047-0e3c506a7c76" testListId="8c84fa94-04c1-424b-9868-57a2d4851a1d" />
    <TestEntry testId="c2db00ea-1935-07a4-a8dd-b58b3ea840cf" executionId="a7cdb12e-bacd-4e66-8428-6424bf45f1c4" testListId="8c84fa94-04c1-424b-9868-57a2d4851a1d" />
    <TestEntry testId="67992c97-d63a-b679-ed31-3a04a82e00e3" executionId="6b10e112-d4ae-4127-aacc-fa9fd7bed6a4" testListId="8c84fa94-04c1-424b-9868-57a2d4851a1d" />
    <TestEntry testId="ca65595f-47e4-812a-465c-4464024e361b" executionId="5b09a1e5-b4d5-44e3-a7be-f7e0db4fb728" testListId="8c84fa94-04c1-424b-9868-57a2d4851a1d" />
  </TestEntries>
  <Results>
    <UnitTestResult executionId="4700b678-694c-4736-8045-d592e9e47538" testId="560475c1-2040-50a8-7479-8fbede2f9b77" testName="op_AdditionTest" computerName="TP108" duration="00:00:00.1131228" startTime="2015-11-30T12:22:56.3404591+01:00" endTime="2015-11-30T12:22:57.7480367+01:00" testType="13cdc9d9-ddb5-4fa4-a97d-d965ccfc6d4b" outcome="Passed" testListId="8c84fa94-04c1-424b-9868-57a2d4851a1d" relativeResultsDirectory="4700b678-694c-4736-8045-d592e9e47538">
    </UnitTestResult>
    <UnitTestResult executionId="2b09890a-26a3-419d-963c-20a4fff220b7" testId="ccb5bfea-159a-7fe7-c85e-a2fb289f43ef" testName="op_EqualityTest" computerName="TP108" duration="00:00:00.0002289" startTime="2015-11-30T12:22:57.7570340+01:00" endTime="2015-11-30T12:22:57.7630322+01:00" testType="13cdc9d9-ddb5-4fa4-a97d-d965ccfc6d4b" outcome="Passed" testListId="8c84fa94-04c1-424b-9868-57a2d4851a1d" relativeResultsDirectory="2b09890a-26a3-419d-963c-20a4fff220b7">
    </UnitTestResult>
    <UnitTestResult executionId="b8a39c08-e70a-4f98-8c2b-35af5039e07e" testId="c9f0f471-2d31-de67-2de0-89d4039d23cc" testName="op_GreaterThanTest" computerName="TP108" duration="00:00:00.0007270" startTime="2015-11-30T12:22:57.8320115+01:00" endTime="2015-11-30T12:22:58.0429482+01:00" testType="13cdc9d9-ddb5-4fa4-a97d-d965ccfc6d4b" outcome="Passed" testListId="8c84fa94-04c1-424b-9868-57a2d4851a1d" relativeResultsDirectory="b8a39c08-e70a-4f98-8c2b-35af5039e07e">
    </UnitTestResult>
    <UnitTestResult executionId="672dcb5b-96f5-4441-bcb0-788fe8db9b50" testId="49444014-6bff-29f8-901b-c3baacc0f736" testName="op_GreaterThanOrEqualTest" computerName="TP108" duration="00:00:00.0002440" startTime="2015-11-30T12:22:58.0659413+01:00" endTime="2015-11-30T12:22:58.0719395+01:00" testType="13cdc9d9-ddb5-4fa4-a97d-d965ccfc6d4b" outcome="Passed" testListId="8c84fa94-04c1-424b-9868-57a2d4851a1d" relativeResultsDirectory="672dcb5b-96f5-4441-bcb0-788fe8db9b50">
    </UnitTestResult>
    <UnitTestResult executionId="b5db5486-e2f8-4ae9-936f-084222275052" testId="25c13d46-3c02-28db-7a85-6e48059a1585" testName="op_InequalityTest" computerName="TP108" duration="00:00:00.0003993" startTime="2015-11-30T12:22:58.0819365+01:00" endTime="2015-11-30T12:22:58.0869350+01:00" testType="13cdc9d9-ddb5-4fa4-a97d-d965ccfc6d4b" outcome="Passed" testListId="8c84fa94-04c1-424b-9868-57a2d4851a1d" relativeResultsDirectory="b5db5486-e2f8-4ae9-936f-084222275052">
    </UnitTestResult>
    <UnitTestResult executionId="fca75fc1-a245-4a87-8322-cd830d5d13c8" testId="f657f978-7d26-ba45-a706-065097b1424e" testName="op_LessThanTest" computerName="TP108" duration="00:00:00.0004083" startTime="2015-11-30T12:22:58.0999311+01:00" endTime="2015-11-30T12:22:58.1089284+01:00" testType="13cdc9d9-ddb5-4fa4-a97d-d965ccfc6d4b" outcome="Passed" testListId="8c84fa94-04c1-424b-9868-57a2d4851a1d" relativeResultsDirectory="fca75fc1-a245-4a87-8322-cd830d5d13c8">
    </UnitTestResult>
    <UnitTestResult executionId="29467e1c-310c-4d6f-8a8d-586184726fc4" testId="bb187948-68d2-56a7-6ce6-43f4d81003a2" testName="op_LessThanOrEqualTest" computerName="TP108" duration="00:00:00.0002380" startTime="2015-11-30T12:22:58.1189254+01:00" endTime="2015-11-30T12:22:58.1249236+01:00" testType="13cdc9d9-ddb5-4fa4-a97d-d965ccfc6d4b" outcome="Passed" testListId="8c84fa94-04c1-424b-9868-57a2d4851a1d" relativeResultsDirectory="29467e1c-310c-4d6f-8a8d-586184726fc4">
    </UnitTestResult>
    <UnitTestResult executionId="67bb820e-7da3-49cc-ad33-e7b15ec3dbbe" testId="f6644669-f50c-4388-7dc8-fe05af425923" testName="op_SubtractionTest" computerName="TP108" duration="00:00:00.0006664" startTime="2015-11-30T12:22:58.1349206+01:00" endTime="2015-11-30T12:22:58.1409188+01:00" testType="13cdc9d9-ddb5-4fa4-a97d-d965ccfc6d4b" outcome="Passed" testListId="8c84fa94-04c1-424b-9868-57a2d4851a1d" relativeResultsDirectory="67bb820e-7da3-49cc-ad33-e7b15ec3dbbe">
    </UnitTestResult>
    <UnitTestResult executionId="d671d3bf-5237-44d6-980f-650c2aa56f55" testId="294e43ef-fe82-562f-4bda-ae8968863b11" testName="retirerTempsTest" computerName="TP108" duration="00:00:00.0003016" startTime="2015-11-30T12:22:58.1539149+01:00" endTime="2015-11-30T12:22:58.1629122+01:00" testType="13cdc9d9-ddb5-4fa4-a97d-d965ccfc6d4b" outcome="Passed" testListId="8c84fa94-04c1-424b-9868-57a2d4851a1d" relativeResultsDirectory="d671d3bf-5237-44d6-980f-650c2aa56f55">
    </UnitTestResult>
    <UnitTestResult executionId="77c58537-b052-4d36-9138-394fb41c78e7" testId="44ed7d5c-9545-6874-8556-7a4c0118996f" testName="sePasseDansPeriodeTest" computerName="TP108" duration="00:00:33.0150925" startTime="2015-11-30T12:22:58.1739089+01:00" endTime="2015-11-30T12:23:31.1890014+01:00" testType="13cdc9d9-ddb5-4fa4-a97d-d965ccfc6d4b" outcome="Aborted" testListId="8c84fa94-04c1-424b-9868-57a2d4851a1d" relativeResultsDirectory="77c58537-b052-4d36-9138-394fb41c78e7">
    </UnitTestResult>
    <UnitTestResult executionId="9ab8ddb7-253f-492d-861d-030961bc466b" testId="d4fb811d-44ce-bea6-881d-1a522697622c" testName="EqualsTest" computerName="TP108" testType="13cdc9d9-ddb5-4fa4-a97d-d965ccfc6d4b" outcome="NotExecuted" testListId="8c84fa94-04c1-424b-9868-57a2d4851a1d" relativeResultsDirectory="9ab8ddb7-253f-492d-861d-030961bc466b">
    </UnitTestResult>
    <UnitTestResult executionId="c9e1bb54-74f4-479a-9e4f-0b7e47578868" testId="b04e9284-90d4-09de-2200-40f3f83a7290" testName="ajouterTempsTest" computerName="TP108" testType="13cdc9d9-ddb5-4fa4-a97d-d965ccfc6d4b" outcome="NotExecuted" testListId="8c84fa94-04c1-424b-9868-57a2d4851a1d" relativeResultsDirectory="c9e1bb54-74f4-479a-9e4f-0b7e47578868">
    </UnitTestResult>
    <UnitTestResult executionId="97207c23-848a-455f-8047-0e3c506a7c76" testId="1a26628e-250f-85f1-3a75-8ac49421c13c" testName="ajouterTempsTest1" computerName="TP108" testType="13cdc9d9-ddb5-4fa4-a97d-d965ccfc6d4b" outcome="NotExecuted" testListId="8c84fa94-04c1-424b-9868-57a2d4851a1d" relativeResultsDirectory="97207c23-848a-455f-8047-0e3c506a7c76">
    </UnitTestResult>
    <UnitTestResult executionId="a7cdb12e-bacd-4e66-8428-6424bf45f1c4" testId="c2db00ea-1935-07a4-a8dd-b58b3ea840cf" testName="calculerJoursTest" computerName="TP108" testType="13cdc9d9-ddb5-4fa4-a97d-d965ccfc6d4b" outcome="NotExecuted" testListId="8c84fa94-04c1-424b-9868-57a2d4851a1d" relativeResultsDirectory="a7cdb12e-bacd-4e66-8428-6424bf45f1c4">
    </UnitTestResult>
    <UnitTestResult executionId="6b10e112-d4ae-4127-aacc-fa9fd7bed6a4" testId="67992c97-d63a-b679-ed31-3a04a82e00e3" testName="convertirDateTimeTest" computerName="TP108" testType="13cdc9d9-ddb5-4fa4-a97d-d965ccfc6d4b" outcome="NotExecuted" testListId="8c84fa94-04c1-424b-9868-57a2d4851a1d" relativeResultsDirectory="6b10e112-d4ae-4127-aacc-fa9fd7bed6a4">
    </UnitTestResult>
    <UnitTestResult executionId="5b09a1e5-b4d5-44e3-a7be-f7e0db4fb728" testId="ca65595f-47e4-812a-465c-4464024e361b" testName="nbMinutesTest" computerName="TP108" testType="13cdc9d9-ddb5-4fa4-a97d-d965ccfc6d4b" outcome="NotExecuted" testListId="8c84fa94-04c1-424b-9868-57a2d4851a1d" relativeResultsDirectory="5b09a1e5-b4d5-44e3-a7be-f7e0db4fb728">
    </UnitTestResult>
  </Results>
</TestRun>